Started GET "/" for 127.0.0.1 at 2017-12-01 13:25:53 +0100
Processing by Rails::WelcomeController#index as HTML
  Rendering /Users/arnaudlevy/.rbenv/versions/2.4.2/lib/ruby/gems/2.4.0/gems/railties-5.1.4/lib/rails/templates/rails/welcome/index.html.erb
  Rendered /Users/arnaudlevy/.rbenv/versions/2.4.2/lib/ruby/gems/2.4.0/gems/railties-5.1.4/lib/rails/templates/rails/welcome/index.html.erb (4.0ms)
Completed 200 OK in 873ms (Views: 13.9ms)


Started GET "/" for 127.0.0.1 at 2017-12-01 13:27:52 +0100
Processing by ApplicationController#index as HTML
  Rendering application/index.html.erb within layouts/application
  Rendered application/index.html.erb within layouts/application (6.3ms)
Completed 500 Internal Server Error in 21ms


  
ActionView::Template::Error (undefined method `data' for nil:NilClass):
    109: The view is:
    110: 
    111: ```erb
    112: <%= promethee @page.data %>
    113: ```
    114: 
    115: Which renders to:
  
app/views/application/index.html.erb:112:in `_app_views_application_index_html_erb___1291711505422286845_70278292741460'
Started GET "/" for 127.0.0.1 at 2017-12-01 13:28:17 +0100
Processing by ApplicationController#index as HTML
  Rendering application/index.html.erb within layouts/application
  Rendered application/index.html.erb within layouts/application (415.5ms)
Completed 500 Internal Server Error in 421ms


  
ActionView::Template::Error (undefined local variable or method `pages_path' for #<#<Class:0x00007fd5e15928d8>:0x00007fd5e1520260>
Did you mean?  image_path):
    185: %>
    186: 
    187: <div>
    188:   <%= link_to 'Try with your own pages', pages_path, class: 'btn btn-default pull-right' %>
    189:   <ul class="nav nav-tabs" role="tablist">
    190:     <li role="presentation" class="active"><a href="#edit" aria-controls="edit" role="tab" data-toggle="tab">Edit</a></li>
    191:     <li role="presentation"><a href="#show" aria-controls="show" role="tab" data-toggle="tab">Show</a></li>
  
app/views/application/index.html.erb:188:in `_app_views_application_index_html_erb___1291711505422286845_70278292506320'
Started GET "/" for 127.0.0.1 at 2017-12-01 13:28:37 +0100
Processing by ApplicationController#index as HTML
  Rendering application/index.html.erb within layouts/application
  Rendered /Users/arnaudlevy/.rbenv/versions/2.4.2/lib/ruby/gems/2.4.0/gems/promethee-1.0.6/app/views/promethee/components/_page_edit.html.erb (0.5ms)
  Rendered /Users/arnaudlevy/.rbenv/versions/2.4.2/lib/ruby/gems/2.4.0/gems/promethee-1.0.6/app/views/promethee/components/_children_edit.html.erb (0.5ms)
  Rendered /Users/arnaudlevy/.rbenv/versions/2.4.2/lib/ruby/gems/2.4.0/gems/promethee-1.0.6/app/views/promethee/partials/_toolbar_buttons.html.erb (0.8ms)
  Rendered /Users/arnaudlevy/.rbenv/versions/2.4.2/lib/ruby/gems/2.4.0/gems/promethee-1.0.6/app/views/promethee/components/_row_edit.html.erb (32.5ms)
  Rendered /Users/arnaudlevy/.rbenv/versions/2.4.2/lib/ruby/gems/2.4.0/gems/promethee-1.0.6/app/views/promethee/partials/_toolbar_buttons.html.erb (0.1ms)
  Rendered /Users/arnaudlevy/.rbenv/versions/2.4.2/lib/ruby/gems/2.4.0/gems/promethee-1.0.6/app/views/promethee/components/_column_edit.html.erb (30.2ms)
  Rendered /Users/arnaudlevy/.rbenv/versions/2.4.2/lib/ruby/gems/2.4.0/gems/promethee-1.0.6/app/views/promethee/partials/_toolbar_buttons.html.erb (0.5ms)
  Rendered /Users/arnaudlevy/.rbenv/versions/2.4.2/lib/ruby/gems/2.4.0/gems/promethee-1.0.6/app/views/promethee/components/_text_edit.html.erb (38.1ms)
  Rendered /Users/arnaudlevy/.rbenv/versions/2.4.2/lib/ruby/gems/2.4.0/gems/promethee-1.0.6/app/views/promethee/partials/_toolbar_buttons.html.erb (0.2ms)
  Rendered /Users/arnaudlevy/.rbenv/versions/2.4.2/lib/ruby/gems/2.4.0/gems/promethee-1.0.6/app/views/promethee/components/_image_edit.html.erb (36.6ms)
  Rendered /Users/arnaudlevy/.rbenv/versions/2.4.2/lib/ruby/gems/2.4.0/gems/promethee-1.0.6/app/views/promethee/partials/_toolbar_buttons.html.erb (0.1ms)
  Rendered /Users/arnaudlevy/.rbenv/versions/2.4.2/lib/ruby/gems/2.4.0/gems/promethee-1.0.6/app/views/promethee/components/_video_edit.html.erb (30.3ms)
  Rendered /Users/arnaudlevy/.rbenv/versions/2.4.2/lib/ruby/gems/2.4.0/gems/promethee-1.0.6/app/views/promethee/partials/_include_components.html.erb (409.3ms)
  Rendered /Users/arnaudlevy/.rbenv/versions/2.4.2/lib/ruby/gems/2.4.0/gems/promethee-1.0.6/app/views/promethee/partials/_navbar.html.erb (3431.7ms)
  Rendered /Users/arnaudlevy/.rbenv/versions/2.4.2/lib/ruby/gems/2.4.0/gems/promethee-1.0.6/app/views/promethee/partials/_preview.html.erb (0.6ms)
  Rendered /Users/arnaudlevy/.rbenv/versions/2.4.2/lib/ruby/gems/2.4.0/gems/promethee-1.0.6/app/views/promethee/partials/_mover.html.erb (1.0ms)
  Rendered /Users/arnaudlevy/.rbenv/versions/2.4.2/lib/ruby/gems/2.4.0/gems/promethee-1.0.6/app/views/promethee/partials/_adder.html.erb (0.4ms)
  Rendered /Users/arnaudlevy/.rbenv/versions/2.4.2/lib/ruby/gems/2.4.0/gems/promethee-1.0.6/app/views/promethee/partials/_page.html.erb (37.0ms)
  Rendered /Users/arnaudlevy/.rbenv/versions/2.4.2/lib/ruby/gems/2.4.0/gems/promethee-1.0.6/app/views/promethee/_edit.html.erb (4067.9ms)
  Rendered /Users/arnaudlevy/.rbenv/versions/2.4.2/lib/ruby/gems/2.4.0/gems/promethee-1.0.6/app/views/promethee/components/_image.html.erb (0.5ms)
  Rendered /Users/arnaudlevy/.rbenv/versions/2.4.2/lib/ruby/gems/2.4.0/gems/promethee-1.0.6/app/views/promethee/components/_text.html.erb (0.5ms)
  Rendered /Users/arnaudlevy/.rbenv/versions/2.4.2/lib/ruby/gems/2.4.0/gems/promethee-1.0.6/app/views/promethee/components/_text.html.erb (0.1ms)
  Rendered /Users/arnaudlevy/.rbenv/versions/2.4.2/lib/ruby/gems/2.4.0/gems/promethee-1.0.6/app/views/promethee/components/_text.html.erb (0.1ms)
  Rendered /Users/arnaudlevy/.rbenv/versions/2.4.2/lib/ruby/gems/2.4.0/gems/promethee-1.0.6/app/views/promethee/components/_children.html.erb (61.7ms)
  Rendered /Users/arnaudlevy/.rbenv/versions/2.4.2/lib/ruby/gems/2.4.0/gems/promethee-1.0.6/app/views/promethee/components/_column.html.erb (91.4ms)
  Rendered /Users/arnaudlevy/.rbenv/versions/2.4.2/lib/ruby/gems/2.4.0/gems/promethee-1.0.6/app/views/promethee/components/_image.html.erb (0.1ms)
  Rendered /Users/arnaudlevy/.rbenv/versions/2.4.2/lib/ruby/gems/2.4.0/gems/promethee-1.0.6/app/views/promethee/components/_children.html.erb (29.0ms)
  Rendered /Users/arnaudlevy/.rbenv/versions/2.4.2/lib/ruby/gems/2.4.0/gems/promethee-1.0.6/app/views/promethee/components/_column.html.erb (62.1ms)
  Rendered /Users/arnaudlevy/.rbenv/versions/2.4.2/lib/ruby/gems/2.4.0/gems/promethee-1.0.6/app/views/promethee/components/_children.html.erb (214.6ms)
  Rendered /Users/arnaudlevy/.rbenv/versions/2.4.2/lib/ruby/gems/2.4.0/gems/promethee-1.0.6/app/views/promethee/components/_row.html.erb (243.4ms)
  Rendered /Users/arnaudlevy/.rbenv/versions/2.4.2/lib/ruby/gems/2.4.0/gems/promethee-1.0.6/app/views/promethee/components/_video.html.erb (0.8ms)
  Rendered /Users/arnaudlevy/.rbenv/versions/2.4.2/lib/ruby/gems/2.4.0/gems/promethee-1.0.6/app/views/promethee/components/_image.html.erb (0.1ms)
  Rendered /Users/arnaudlevy/.rbenv/versions/2.4.2/lib/ruby/gems/2.4.0/gems/promethee-1.0.6/app/views/promethee/components/_children.html.erb (28.7ms)
  Rendered /Users/arnaudlevy/.rbenv/versions/2.4.2/lib/ruby/gems/2.4.0/gems/promethee-1.0.6/app/views/promethee/components/_column.html.erb (62.2ms)
  Rendered /Users/arnaudlevy/.rbenv/versions/2.4.2/lib/ruby/gems/2.4.0/gems/promethee-1.0.6/app/views/promethee/components/_text.html.erb (0.1ms)
  Rendered /Users/arnaudlevy/.rbenv/versions/2.4.2/lib/ruby/gems/2.4.0/gems/promethee-1.0.6/app/views/promethee/components/_children.html.erb (26.9ms)
  Rendered /Users/arnaudlevy/.rbenv/versions/2.4.2/lib/ruby/gems/2.4.0/gems/promethee-1.0.6/app/views/promethee/components/_column.html.erb (57.2ms)
  Rendered /Users/arnaudlevy/.rbenv/versions/2.4.2/lib/ruby/gems/2.4.0/gems/promethee-1.0.6/app/views/promethee/components/_children.html.erb (178.5ms)
  Rendered /Users/arnaudlevy/.rbenv/versions/2.4.2/lib/ruby/gems/2.4.0/gems/promethee-1.0.6/app/views/promethee/components/_row.html.erb (208.2ms)
  Rendered /Users/arnaudlevy/.rbenv/versions/2.4.2/lib/ruby/gems/2.4.0/gems/promethee-1.0.6/app/views/promethee/components/_video.html.erb (0.1ms)
  Rendered /Users/arnaudlevy/.rbenv/versions/2.4.2/lib/ruby/gems/2.4.0/gems/promethee-1.0.6/app/views/promethee/components/_children.html.erb (648.7ms)
  Rendered /Users/arnaudlevy/.rbenv/versions/2.4.2/lib/ruby/gems/2.4.0/gems/promethee-1.0.6/app/views/promethee/components/_page.html.erb (683.9ms)
  Rendered /Users/arnaudlevy/.rbenv/versions/2.4.2/lib/ruby/gems/2.4.0/gems/promethee-1.0.6/app/views/promethee/_show.html.erb (718.0ms)
  Rendered /Users/arnaudlevy/.rbenv/versions/2.4.2/lib/ruby/gems/2.4.0/gems/promethee-1.0.6/app/views/promethee/components/_page_edit.html.erb (0.1ms)
  Rendered /Users/arnaudlevy/.rbenv/versions/2.4.2/lib/ruby/gems/2.4.0/gems/promethee-1.0.6/app/views/promethee/components/_children_edit.html.erb (0.1ms)
  Rendered /Users/arnaudlevy/.rbenv/versions/2.4.2/lib/ruby/gems/2.4.0/gems/promethee-1.0.6/app/views/promethee/partials/_toolbar_buttons.html.erb (0.2ms)
  Rendered /Users/arnaudlevy/.rbenv/versions/2.4.2/lib/ruby/gems/2.4.0/gems/promethee-1.0.6/app/views/promethee/components/_row_edit.html.erb (30.0ms)
  Rendered /Users/arnaudlevy/.rbenv/versions/2.4.2/lib/ruby/gems/2.4.0/gems/promethee-1.0.6/app/views/promethee/partials/_toolbar_buttons.html.erb (0.1ms)
  Rendered /Users/arnaudlevy/.rbenv/versions/2.4.2/lib/ruby/gems/2.4.0/gems/promethee-1.0.6/app/views/promethee/components/_column_edit.html.erb (45.8ms)
  Rendered /Users/arnaudlevy/.rbenv/versions/2.4.2/lib/ruby/gems/2.4.0/gems/promethee-1.0.6/app/views/promethee/partials/_toolbar_buttons.html.erb (0.1ms)
  Rendered /Users/arnaudlevy/.rbenv/versions/2.4.2/lib/ruby/gems/2.4.0/gems/promethee-1.0.6/app/views/promethee/components/_text_edit.html.erb (40.5ms)
  Rendered /Users/arnaudlevy/.rbenv/versions/2.4.2/lib/ruby/gems/2.4.0/gems/promethee-1.0.6/app/views/promethee/partials/_toolbar_buttons.html.erb (0.2ms)
  Rendered /Users/arnaudlevy/.rbenv/versions/2.4.2/lib/ruby/gems/2.4.0/gems/promethee-1.0.6/app/views/promethee/components/_image_edit.html.erb (37.1ms)
  Rendered /Users/arnaudlevy/.rbenv/versions/2.4.2/lib/ruby/gems/2.4.0/gems/promethee-1.0.6/app/views/promethee/partials/_toolbar_buttons.html.erb (0.2ms)
  Rendered /Users/arnaudlevy/.rbenv/versions/2.4.2/lib/ruby/gems/2.4.0/gems/promethee-1.0.6/app/views/promethee/components/_video_edit.html.erb (31.8ms)
  Rendered /Users/arnaudlevy/.rbenv/versions/2.4.2/lib/ruby/gems/2.4.0/gems/promethee-1.0.6/app/views/promethee/partials/_include_components.html.erb (412.6ms)
  Rendered /Users/arnaudlevy/.rbenv/versions/2.4.2/lib/ruby/gems/2.4.0/gems/promethee-1.0.6/app/views/promethee/_localize.html.erb (450.9ms)
  Rendered /Users/arnaudlevy/.rbenv/versions/2.4.2/lib/ruby/gems/2.4.0/gems/promethee-1.0.6/app/views/promethee/components/_image.html.erb (0.1ms)
  Rendered /Users/arnaudlevy/.rbenv/versions/2.4.2/lib/ruby/gems/2.4.0/gems/promethee-1.0.6/app/views/promethee/components/_text.html.erb (0.1ms)
  Rendered /Users/arnaudlevy/.rbenv/versions/2.4.2/lib/ruby/gems/2.4.0/gems/promethee-1.0.6/app/views/promethee/components/_text.html.erb (0.1ms)
  Rendered /Users/arnaudlevy/.rbenv/versions/2.4.2/lib/ruby/gems/2.4.0/gems/promethee-1.0.6/app/views/promethee/components/_text.html.erb (0.1ms)
  Rendered /Users/arnaudlevy/.rbenv/versions/2.4.2/lib/ruby/gems/2.4.0/gems/promethee-1.0.6/app/views/promethee/components/_children.html.erb (93.3ms)
  Rendered /Users/arnaudlevy/.rbenv/versions/2.4.2/lib/ruby/gems/2.4.0/gems/promethee-1.0.6/app/views/promethee/components/_column.html.erb (136.8ms)
  Rendered /Users/arnaudlevy/.rbenv/versions/2.4.2/lib/ruby/gems/2.4.0/gems/promethee-1.0.6/app/views/promethee/components/_image.html.erb (0.1ms)
  Rendered /Users/arnaudlevy/.rbenv/versions/2.4.2/lib/ruby/gems/2.4.0/gems/promethee-1.0.6/app/views/promethee/components/_children.html.erb (33.7ms)
  Rendered /Users/arnaudlevy/.rbenv/versions/2.4.2/lib/ruby/gems/2.4.0/gems/promethee-1.0.6/app/views/promethee/components/_column.html.erb (80.3ms)
  Rendered /Users/arnaudlevy/.rbenv/versions/2.4.2/lib/ruby/gems/2.4.0/gems/promethee-1.0.6/app/views/promethee/components/_children.html.erb (296.6ms)
  Rendered /Users/arnaudlevy/.rbenv/versions/2.4.2/lib/ruby/gems/2.4.0/gems/promethee-1.0.6/app/views/promethee/components/_row.html.erb (330.0ms)
  Rendered /Users/arnaudlevy/.rbenv/versions/2.4.2/lib/ruby/gems/2.4.0/gems/promethee-1.0.6/app/views/promethee/components/_video.html.erb (0.1ms)
  Rendered /Users/arnaudlevy/.rbenv/versions/2.4.2/lib/ruby/gems/2.4.0/gems/promethee-1.0.6/app/views/promethee/components/_image.html.erb (0.1ms)
  Rendered /Users/arnaudlevy/.rbenv/versions/2.4.2/lib/ruby/gems/2.4.0/gems/promethee-1.0.6/app/views/promethee/components/_children.html.erb (33.1ms)
  Rendered /Users/arnaudlevy/.rbenv/versions/2.4.2/lib/ruby/gems/2.4.0/gems/promethee-1.0.6/app/views/promethee/components/_column.html.erb (65.3ms)
  Rendered /Users/arnaudlevy/.rbenv/versions/2.4.2/lib/ruby/gems/2.4.0/gems/promethee-1.0.6/app/views/promethee/components/_text.html.erb (0.1ms)
  Rendered /Users/arnaudlevy/.rbenv/versions/2.4.2/lib/ruby/gems/2.4.0/gems/promethee-1.0.6/app/views/promethee/components/_children.html.erb (37.3ms)
  Rendered /Users/arnaudlevy/.rbenv/versions/2.4.2/lib/ruby/gems/2.4.0/gems/promethee-1.0.6/app/views/promethee/components/_column.html.erb (75.1ms)
  Rendered /Users/arnaudlevy/.rbenv/versions/2.4.2/lib/ruby/gems/2.4.0/gems/promethee-1.0.6/app/views/promethee/components/_children.html.erb (207.8ms)
  Rendered /Users/arnaudlevy/.rbenv/versions/2.4.2/lib/ruby/gems/2.4.0/gems/promethee-1.0.6/app/views/promethee/components/_row.html.erb (237.6ms)
  Rendered /Users/arnaudlevy/.rbenv/versions/2.4.2/lib/ruby/gems/2.4.0/gems/promethee-1.0.6/app/views/promethee/components/_video.html.erb (0.1ms)
  Rendered /Users/arnaudlevy/.rbenv/versions/2.4.2/lib/ruby/gems/2.4.0/gems/promethee-1.0.6/app/views/promethee/components/_children.html.erb (777.9ms)
  Rendered /Users/arnaudlevy/.rbenv/versions/2.4.2/lib/ruby/gems/2.4.0/gems/promethee-1.0.6/app/views/promethee/components/_page.html.erb (813.1ms)
  Rendered /Users/arnaudlevy/.rbenv/versions/2.4.2/lib/ruby/gems/2.4.0/gems/promethee-1.0.6/app/views/promethee/_show.html.erb (858.3ms)
  Rendered application/index.html.erb within layouts/application (6226.5ms)
Completed 200 OK in 6283ms (Views: 6280.6ms)


Started GET "/" for 127.0.0.1 at 2017-12-01 13:29:49 +0100
Processing by ApplicationController#index as HTML
  Rendering application/index.html.erb within layouts/application
  Rendered /Users/arnaudlevy/.rbenv/versions/2.4.2/lib/ruby/gems/2.4.0/gems/promethee-1.0.6/app/views/promethee/components/_page_edit.html.erb (0.6ms)
  Rendered /Users/arnaudlevy/.rbenv/versions/2.4.2/lib/ruby/gems/2.4.0/gems/promethee-1.0.6/app/views/promethee/components/_children_edit.html.erb (0.7ms)
  Rendered /Users/arnaudlevy/.rbenv/versions/2.4.2/lib/ruby/gems/2.4.0/gems/promethee-1.0.6/app/views/promethee/partials/_toolbar_buttons.html.erb (0.7ms)
  Rendered /Users/arnaudlevy/.rbenv/versions/2.4.2/lib/ruby/gems/2.4.0/gems/promethee-1.0.6/app/views/promethee/components/_row_edit.html.erb (39.2ms)
  Rendered /Users/arnaudlevy/.rbenv/versions/2.4.2/lib/ruby/gems/2.4.0/gems/promethee-1.0.6/app/views/promethee/partials/_toolbar_buttons.html.erb (0.1ms)
  Rendered /Users/arnaudlevy/.rbenv/versions/2.4.2/lib/ruby/gems/2.4.0/gems/promethee-1.0.6/app/views/promethee/components/_column_edit.html.erb (34.7ms)
  Rendered /Users/arnaudlevy/.rbenv/versions/2.4.2/lib/ruby/gems/2.4.0/gems/promethee-1.0.6/app/views/promethee/partials/_toolbar_buttons.html.erb (0.4ms)
  Rendered /Users/arnaudlevy/.rbenv/versions/2.4.2/lib/ruby/gems/2.4.0/gems/promethee-1.0.6/app/views/promethee/components/_text_edit.html.erb (53.3ms)
  Rendered /Users/arnaudlevy/.rbenv/versions/2.4.2/lib/ruby/gems/2.4.0/gems/promethee-1.0.6/app/views/promethee/partials/_toolbar_buttons.html.erb (0.1ms)
  Rendered /Users/arnaudlevy/.rbenv/versions/2.4.2/lib/ruby/gems/2.4.0/gems/promethee-1.0.6/app/views/promethee/components/_image_edit.html.erb (43.9ms)
  Rendered /Users/arnaudlevy/.rbenv/versions/2.4.2/lib/ruby/gems/2.4.0/gems/promethee-1.0.6/app/views/promethee/partials/_toolbar_buttons.html.erb (0.2ms)
  Rendered /Users/arnaudlevy/.rbenv/versions/2.4.2/lib/ruby/gems/2.4.0/gems/promethee-1.0.6/app/views/promethee/components/_video_edit.html.erb (33.4ms)
  Rendered /Users/arnaudlevy/.rbenv/versions/2.4.2/lib/ruby/gems/2.4.0/gems/promethee-1.0.6/app/views/promethee/partials/_include_components.html.erb (557.6ms)
  Rendered /Users/arnaudlevy/.rbenv/versions/2.4.2/lib/ruby/gems/2.4.0/gems/promethee-1.0.6/app/views/promethee/partials/_navbar.html.erb (2.7ms)
  Rendered /Users/arnaudlevy/.rbenv/versions/2.4.2/lib/ruby/gems/2.4.0/gems/promethee-1.0.6/app/views/promethee/partials/_preview.html.erb (0.5ms)
  Rendered /Users/arnaudlevy/.rbenv/versions/2.4.2/lib/ruby/gems/2.4.0/gems/promethee-1.0.6/app/views/promethee/partials/_mover.html.erb (0.7ms)
  Rendered /Users/arnaudlevy/.rbenv/versions/2.4.2/lib/ruby/gems/2.4.0/gems/promethee-1.0.6/app/views/promethee/partials/_adder.html.erb (0.4ms)
  Rendered /Users/arnaudlevy/.rbenv/versions/2.4.2/lib/ruby/gems/2.4.0/gems/promethee-1.0.6/app/views/promethee/partials/_page.html.erb (31.2ms)
  Rendered /Users/arnaudlevy/.rbenv/versions/2.4.2/lib/ruby/gems/2.4.0/gems/promethee-1.0.6/app/views/promethee/_edit.html.erb (778.6ms)
  Rendered /Users/arnaudlevy/.rbenv/versions/2.4.2/lib/ruby/gems/2.4.0/gems/promethee-1.0.6/app/views/promethee/components/_image.html.erb (0.5ms)
  Rendered /Users/arnaudlevy/.rbenv/versions/2.4.2/lib/ruby/gems/2.4.0/gems/promethee-1.0.6/app/views/promethee/components/_text.html.erb (0.4ms)
  Rendered /Users/arnaudlevy/.rbenv/versions/2.4.2/lib/ruby/gems/2.4.0/gems/promethee-1.0.6/app/views/promethee/components/_text.html.erb (0.1ms)
  Rendered /Users/arnaudlevy/.rbenv/versions/2.4.2/lib/ruby/gems/2.4.0/gems/promethee-1.0.6/app/views/promethee/components/_text.html.erb (0.1ms)
  Rendered /Users/arnaudlevy/.rbenv/versions/2.4.2/lib/ruby/gems/2.4.0/gems/promethee-1.0.6/app/views/promethee/components/_children.html.erb (76.6ms)
  Rendered /Users/arnaudlevy/.rbenv/versions/2.4.2/lib/ruby/gems/2.4.0/gems/promethee-1.0.6/app/views/promethee/components/_column.html.erb (111.6ms)
  Rendered /Users/arnaudlevy/.rbenv/versions/2.4.2/lib/ruby/gems/2.4.0/gems/promethee-1.0.6/app/views/promethee/components/_image.html.erb (0.1ms)
  Rendered /Users/arnaudlevy/.rbenv/versions/2.4.2/lib/ruby/gems/2.4.0/gems/promethee-1.0.6/app/views/promethee/components/_children.html.erb (37.8ms)
  Rendered /Users/arnaudlevy/.rbenv/versions/2.4.2/lib/ruby/gems/2.4.0/gems/promethee-1.0.6/app/views/promethee/components/_column.html.erb (75.2ms)
  Rendered /Users/arnaudlevy/.rbenv/versions/2.4.2/lib/ruby/gems/2.4.0/gems/promethee-1.0.6/app/views/promethee/components/_children.html.erb (266.3ms)
  Rendered /Users/arnaudlevy/.rbenv/versions/2.4.2/lib/ruby/gems/2.4.0/gems/promethee-1.0.6/app/views/promethee/components/_row.html.erb (294.2ms)
  Rendered /Users/arnaudlevy/.rbenv/versions/2.4.2/lib/ruby/gems/2.4.0/gems/promethee-1.0.6/app/views/promethee/components/_video.html.erb (0.8ms)
  Rendered /Users/arnaudlevy/.rbenv/versions/2.4.2/lib/ruby/gems/2.4.0/gems/promethee-1.0.6/app/views/promethee/components/_image.html.erb (0.1ms)
  Rendered /Users/arnaudlevy/.rbenv/versions/2.4.2/lib/ruby/gems/2.4.0/gems/promethee-1.0.6/app/views/promethee/components/_children.html.erb (30.7ms)
  Rendered /Users/arnaudlevy/.rbenv/versions/2.4.2/lib/ruby/gems/2.4.0/gems/promethee-1.0.6/app/views/promethee/components/_column.html.erb (62.7ms)
  Rendered /Users/arnaudlevy/.rbenv/versions/2.4.2/lib/ruby/gems/2.4.0/gems/promethee-1.0.6/app/views/promethee/components/_text.html.erb (0.1ms)
  Rendered /Users/arnaudlevy/.rbenv/versions/2.4.2/lib/ruby/gems/2.4.0/gems/promethee-1.0.6/app/views/promethee/components/_children.html.erb (28.4ms)
  Rendered /Users/arnaudlevy/.rbenv/versions/2.4.2/lib/ruby/gems/2.4.0/gems/promethee-1.0.6/app/views/promethee/components/_column.html.erb (59.2ms)
  Rendered /Users/arnaudlevy/.rbenv/versions/2.4.2/lib/ruby/gems/2.4.0/gems/promethee-1.0.6/app/views/promethee/components/_children.html.erb (186.7ms)
  Rendered /Users/arnaudlevy/.rbenv/versions/2.4.2/lib/ruby/gems/2.4.0/gems/promethee-1.0.6/app/views/promethee/components/_row.html.erb (224.6ms)
  Rendered /Users/arnaudlevy/.rbenv/versions/2.4.2/lib/ruby/gems/2.4.0/gems/promethee-1.0.6/app/views/promethee/components/_video.html.erb (0.1ms)
  Rendered /Users/arnaudlevy/.rbenv/versions/2.4.2/lib/ruby/gems/2.4.0/gems/promethee-1.0.6/app/views/promethee/components/_children.html.erb (730.2ms)
  Rendered /Users/arnaudlevy/.rbenv/versions/2.4.2/lib/ruby/gems/2.4.0/gems/promethee-1.0.6/app/views/promethee/components/_page.html.erb (758.5ms)
  Rendered /Users/arnaudlevy/.rbenv/versions/2.4.2/lib/ruby/gems/2.4.0/gems/promethee-1.0.6/app/views/promethee/_show.html.erb (798.5ms)
  Rendered /Users/arnaudlevy/.rbenv/versions/2.4.2/lib/ruby/gems/2.4.0/gems/promethee-1.0.6/app/views/promethee/components/_page_edit.html.erb (0.1ms)
  Rendered /Users/arnaudlevy/.rbenv/versions/2.4.2/lib/ruby/gems/2.4.0/gems/promethee-1.0.6/app/views/promethee/components/_children_edit.html.erb (0.1ms)
  Rendered /Users/arnaudlevy/.rbenv/versions/2.4.2/lib/ruby/gems/2.4.0/gems/promethee-1.0.6/app/views/promethee/partials/_toolbar_buttons.html.erb (0.2ms)
  Rendered /Users/arnaudlevy/.rbenv/versions/2.4.2/lib/ruby/gems/2.4.0/gems/promethee-1.0.6/app/views/promethee/components/_row_edit.html.erb (31.0ms)
  Rendered /Users/arnaudlevy/.rbenv/versions/2.4.2/lib/ruby/gems/2.4.0/gems/promethee-1.0.6/app/views/promethee/partials/_toolbar_buttons.html.erb (0.1ms)
  Rendered /Users/arnaudlevy/.rbenv/versions/2.4.2/lib/ruby/gems/2.4.0/gems/promethee-1.0.6/app/views/promethee/components/_column_edit.html.erb (39.0ms)
  Rendered /Users/arnaudlevy/.rbenv/versions/2.4.2/lib/ruby/gems/2.4.0/gems/promethee-1.0.6/app/views/promethee/partials/_toolbar_buttons.html.erb (0.1ms)
  Rendered /Users/arnaudlevy/.rbenv/versions/2.4.2/lib/ruby/gems/2.4.0/gems/promethee-1.0.6/app/views/promethee/components/_text_edit.html.erb (34.1ms)
  Rendered /Users/arnaudlevy/.rbenv/versions/2.4.2/lib/ruby/gems/2.4.0/gems/promethee-1.0.6/app/views/promethee/partials/_toolbar_buttons.html.erb (0.1ms)
  Rendered /Users/arnaudlevy/.rbenv/versions/2.4.2/lib/ruby/gems/2.4.0/gems/promethee-1.0.6/app/views/promethee/components/_image_edit.html.erb (30.3ms)
  Rendered /Users/arnaudlevy/.rbenv/versions/2.4.2/lib/ruby/gems/2.4.0/gems/promethee-1.0.6/app/views/promethee/partials/_toolbar_buttons.html.erb (0.1ms)
  Rendered /Users/arnaudlevy/.rbenv/versions/2.4.2/lib/ruby/gems/2.4.0/gems/promethee-1.0.6/app/views/promethee/components/_video_edit.html.erb (38.4ms)
  Rendered /Users/arnaudlevy/.rbenv/versions/2.4.2/lib/ruby/gems/2.4.0/gems/promethee-1.0.6/app/views/promethee/partials/_include_components.html.erb (390.4ms)
  Rendered /Users/arnaudlevy/.rbenv/versions/2.4.2/lib/ruby/gems/2.4.0/gems/promethee-1.0.6/app/views/promethee/_localize.html.erb (432.5ms)
  Rendered /Users/arnaudlevy/.rbenv/versions/2.4.2/lib/ruby/gems/2.4.0/gems/promethee-1.0.6/app/views/promethee/components/_image.html.erb (0.1ms)
  Rendered /Users/arnaudlevy/.rbenv/versions/2.4.2/lib/ruby/gems/2.4.0/gems/promethee-1.0.6/app/views/promethee/components/_text.html.erb (0.1ms)
  Rendered /Users/arnaudlevy/.rbenv/versions/2.4.2/lib/ruby/gems/2.4.0/gems/promethee-1.0.6/app/views/promethee/components/_text.html.erb (0.1ms)
  Rendered /Users/arnaudlevy/.rbenv/versions/2.4.2/lib/ruby/gems/2.4.0/gems/promethee-1.0.6/app/views/promethee/components/_text.html.erb (0.1ms)
  Rendered /Users/arnaudlevy/.rbenv/versions/2.4.2/lib/ruby/gems/2.4.0/gems/promethee-1.0.6/app/views/promethee/components/_children.html.erb (55.5ms)
  Rendered /Users/arnaudlevy/.rbenv/versions/2.4.2/lib/ruby/gems/2.4.0/gems/promethee-1.0.6/app/views/promethee/components/_column.html.erb (86.7ms)
  Rendered /Users/arnaudlevy/.rbenv/versions/2.4.2/lib/ruby/gems/2.4.0/gems/promethee-1.0.6/app/views/promethee/components/_image.html.erb (0.1ms)
  Rendered /Users/arnaudlevy/.rbenv/versions/2.4.2/lib/ruby/gems/2.4.0/gems/promethee-1.0.6/app/views/promethee/components/_children.html.erb (34.6ms)
  Rendered /Users/arnaudlevy/.rbenv/versions/2.4.2/lib/ruby/gems/2.4.0/gems/promethee-1.0.6/app/views/promethee/components/_column.html.erb (65.8ms)
  Rendered /Users/arnaudlevy/.rbenv/versions/2.4.2/lib/ruby/gems/2.4.0/gems/promethee-1.0.6/app/views/promethee/components/_children.html.erb (210.3ms)
  Rendered /Users/arnaudlevy/.rbenv/versions/2.4.2/lib/ruby/gems/2.4.0/gems/promethee-1.0.6/app/views/promethee/components/_row.html.erb (237.9ms)
  Rendered /Users/arnaudlevy/.rbenv/versions/2.4.2/lib/ruby/gems/2.4.0/gems/promethee-1.0.6/app/views/promethee/components/_video.html.erb (0.1ms)
  Rendered /Users/arnaudlevy/.rbenv/versions/2.4.2/lib/ruby/gems/2.4.0/gems/promethee-1.0.6/app/views/promethee/components/_image.html.erb (0.1ms)
  Rendered /Users/arnaudlevy/.rbenv/versions/2.4.2/lib/ruby/gems/2.4.0/gems/promethee-1.0.6/app/views/promethee/components/_children.html.erb (55.5ms)
  Rendered /Users/arnaudlevy/.rbenv/versions/2.4.2/lib/ruby/gems/2.4.0/gems/promethee-1.0.6/app/views/promethee/components/_column.html.erb (108.3ms)
  Rendered /Users/arnaudlevy/.rbenv/versions/2.4.2/lib/ruby/gems/2.4.0/gems/promethee-1.0.6/app/views/promethee/components/_text.html.erb (0.1ms)
  Rendered /Users/arnaudlevy/.rbenv/versions/2.4.2/lib/ruby/gems/2.4.0/gems/promethee-1.0.6/app/views/promethee/components/_children.html.erb (29.4ms)
  Rendered /Users/arnaudlevy/.rbenv/versions/2.4.2/lib/ruby/gems/2.4.0/gems/promethee-1.0.6/app/views/promethee/components/_column.html.erb (70.6ms)
  Rendered /Users/arnaudlevy/.rbenv/versions/2.4.2/lib/ruby/gems/2.4.0/gems/promethee-1.0.6/app/views/promethee/components/_children.html.erb (262.1ms)
  Rendered /Users/arnaudlevy/.rbenv/versions/2.4.2/lib/ruby/gems/2.4.0/gems/promethee-1.0.6/app/views/promethee/components/_row.html.erb (291.9ms)
  Rendered /Users/arnaudlevy/.rbenv/versions/2.4.2/lib/ruby/gems/2.4.0/gems/promethee-1.0.6/app/views/promethee/components/_video.html.erb (0.1ms)
  Rendered /Users/arnaudlevy/.rbenv/versions/2.4.2/lib/ruby/gems/2.4.0/gems/promethee-1.0.6/app/views/promethee/components/_children.html.erb (723.5ms)
  Rendered /Users/arnaudlevy/.rbenv/versions/2.4.2/lib/ruby/gems/2.4.0/gems/promethee-1.0.6/app/views/promethee/components/_page.html.erb (751.7ms)
  Rendered /Users/arnaudlevy/.rbenv/versions/2.4.2/lib/ruby/gems/2.4.0/gems/promethee-1.0.6/app/views/promethee/_show.html.erb (794.6ms)
  Rendered application/index.html.erb within layouts/application (2924.7ms)
Completed 200 OK in 6883ms (Views: 6880.6ms)


Started GET "/" for 127.0.0.1 at 2017-12-01 13:30:26 +0100
Processing by ApplicationController#index as HTML
  Rendering application/index.html.erb within layouts/application
  Rendered /Users/arnaudlevy/.rbenv/versions/2.4.2/lib/ruby/gems/2.4.0/gems/promethee-1.0.6/app/views/promethee/components/_page_edit.html.erb (0.4ms)
  Rendered /Users/arnaudlevy/.rbenv/versions/2.4.2/lib/ruby/gems/2.4.0/gems/promethee-1.0.6/app/views/promethee/components/_children_edit.html.erb (0.5ms)
  Rendered /Users/arnaudlevy/.rbenv/versions/2.4.2/lib/ruby/gems/2.4.0/gems/promethee-1.0.6/app/views/promethee/partials/_toolbar_buttons.html.erb (0.5ms)
  Rendered /Users/arnaudlevy/.rbenv/versions/2.4.2/lib/ruby/gems/2.4.0/gems/promethee-1.0.6/app/views/promethee/components/_row_edit.html.erb (26.9ms)
  Rendered /Users/arnaudlevy/.rbenv/versions/2.4.2/lib/ruby/gems/2.4.0/gems/promethee-1.0.6/app/views/promethee/partials/_toolbar_buttons.html.erb (0.2ms)
  Rendered /Users/arnaudlevy/.rbenv/versions/2.4.2/lib/ruby/gems/2.4.0/gems/promethee-1.0.6/app/views/promethee/components/_column_edit.html.erb (37.1ms)
  Rendered /Users/arnaudlevy/.rbenv/versions/2.4.2/lib/ruby/gems/2.4.0/gems/promethee-1.0.6/app/views/promethee/partials/_toolbar_buttons.html.erb (0.2ms)
  Rendered /Users/arnaudlevy/.rbenv/versions/2.4.2/lib/ruby/gems/2.4.0/gems/promethee-1.0.6/app/views/promethee/components/_text_edit.html.erb (34.1ms)
  Rendered /Users/arnaudlevy/.rbenv/versions/2.4.2/lib/ruby/gems/2.4.0/gems/promethee-1.0.6/app/views/promethee/partials/_toolbar_buttons.html.erb (0.1ms)
  Rendered /Users/arnaudlevy/.rbenv/versions/2.4.2/lib/ruby/gems/2.4.0/gems/promethee-1.0.6/app/views/promethee/components/_image_edit.html.erb (35.7ms)
  Rendered /Users/arnaudlevy/.rbenv/versions/2.4.2/lib/ruby/gems/2.4.0/gems/promethee-1.0.6/app/views/promethee/partials/_toolbar_buttons.html.erb (0.2ms)
  Rendered /Users/arnaudlevy/.rbenv/versions/2.4.2/lib/ruby/gems/2.4.0/gems/promethee-1.0.6/app/views/promethee/components/_video_edit.html.erb (30.4ms)
  Rendered /Users/arnaudlevy/.rbenv/versions/2.4.2/lib/ruby/gems/2.4.0/gems/promethee-1.0.6/app/views/promethee/partials/_include_components.html.erb (398.8ms)
  Rendered /Users/arnaudlevy/.rbenv/versions/2.4.2/lib/ruby/gems/2.4.0/gems/promethee-1.0.6/app/views/promethee/partials/_navbar.html.erb (2.3ms)
  Rendered /Users/arnaudlevy/.rbenv/versions/2.4.2/lib/ruby/gems/2.4.0/gems/promethee-1.0.6/app/views/promethee/partials/_preview.html.erb (0.4ms)
  Rendered /Users/arnaudlevy/.rbenv/versions/2.4.2/lib/ruby/gems/2.4.0/gems/promethee-1.0.6/app/views/promethee/partials/_mover.html.erb (0.5ms)
  Rendered /Users/arnaudlevy/.rbenv/versions/2.4.2/lib/ruby/gems/2.4.0/gems/promethee-1.0.6/app/views/promethee/partials/_adder.html.erb (0.6ms)
  Rendered /Users/arnaudlevy/.rbenv/versions/2.4.2/lib/ruby/gems/2.4.0/gems/promethee-1.0.6/app/views/promethee/partials/_page.html.erb (32.6ms)
  Rendered /Users/arnaudlevy/.rbenv/versions/2.4.2/lib/ruby/gems/2.4.0/gems/promethee-1.0.6/app/views/promethee/_edit.html.erb (605.0ms)
  Rendered /Users/arnaudlevy/.rbenv/versions/2.4.2/lib/ruby/gems/2.4.0/gems/promethee-1.0.6/app/views/promethee/components/_image.html.erb (0.4ms)
  Rendered /Users/arnaudlevy/.rbenv/versions/2.4.2/lib/ruby/gems/2.4.0/gems/promethee-1.0.6/app/views/promethee/components/_text.html.erb (0.4ms)
  Rendered /Users/arnaudlevy/.rbenv/versions/2.4.2/lib/ruby/gems/2.4.0/gems/promethee-1.0.6/app/views/promethee/components/_text.html.erb (0.1ms)
  Rendered /Users/arnaudlevy/.rbenv/versions/2.4.2/lib/ruby/gems/2.4.0/gems/promethee-1.0.6/app/views/promethee/components/_text.html.erb (0.1ms)
  Rendered /Users/arnaudlevy/.rbenv/versions/2.4.2/lib/ruby/gems/2.4.0/gems/promethee-1.0.6/app/views/promethee/components/_children.html.erb (60.8ms)
  Rendered /Users/arnaudlevy/.rbenv/versions/2.4.2/lib/ruby/gems/2.4.0/gems/promethee-1.0.6/app/views/promethee/components/_column.html.erb (96.2ms)
  Rendered /Users/arnaudlevy/.rbenv/versions/2.4.2/lib/ruby/gems/2.4.0/gems/promethee-1.0.6/app/views/promethee/components/_image.html.erb (0.1ms)
  Rendered /Users/arnaudlevy/.rbenv/versions/2.4.2/lib/ruby/gems/2.4.0/gems/promethee-1.0.6/app/views/promethee/components/_children.html.erb (28.8ms)
  Rendered /Users/arnaudlevy/.rbenv/versions/2.4.2/lib/ruby/gems/2.4.0/gems/promethee-1.0.6/app/views/promethee/components/_column.html.erb (55.0ms)
  Rendered /Users/arnaudlevy/.rbenv/versions/2.4.2/lib/ruby/gems/2.4.0/gems/promethee-1.0.6/app/views/promethee/components/_children.html.erb (218.6ms)
  Rendered /Users/arnaudlevy/.rbenv/versions/2.4.2/lib/ruby/gems/2.4.0/gems/promethee-1.0.6/app/views/promethee/components/_row.html.erb (249.8ms)
  Rendered /Users/arnaudlevy/.rbenv/versions/2.4.2/lib/ruby/gems/2.4.0/gems/promethee-1.0.6/app/views/promethee/components/_video.html.erb (0.5ms)
  Rendered /Users/arnaudlevy/.rbenv/versions/2.4.2/lib/ruby/gems/2.4.0/gems/promethee-1.0.6/app/views/promethee/components/_image.html.erb (0.1ms)
  Rendered /Users/arnaudlevy/.rbenv/versions/2.4.2/lib/ruby/gems/2.4.0/gems/promethee-1.0.6/app/views/promethee/components/_children.html.erb (33.7ms)
  Rendered /Users/arnaudlevy/.rbenv/versions/2.4.2/lib/ruby/gems/2.4.0/gems/promethee-1.0.6/app/views/promethee/components/_column.html.erb (63.6ms)
  Rendered /Users/arnaudlevy/.rbenv/versions/2.4.2/lib/ruby/gems/2.4.0/gems/promethee-1.0.6/app/views/promethee/components/_text.html.erb (0.1ms)
  Rendered /Users/arnaudlevy/.rbenv/versions/2.4.2/lib/ruby/gems/2.4.0/gems/promethee-1.0.6/app/views/promethee/components/_children.html.erb (46.0ms)
  Rendered /Users/arnaudlevy/.rbenv/versions/2.4.2/lib/ruby/gems/2.4.0/gems/promethee-1.0.6/app/views/promethee/components/_column.html.erb (81.1ms)
  Rendered /Users/arnaudlevy/.rbenv/versions/2.4.2/lib/ruby/gems/2.4.0/gems/promethee-1.0.6/app/views/promethee/components/_children.html.erb (202.0ms)
  Rendered /Users/arnaudlevy/.rbenv/versions/2.4.2/lib/ruby/gems/2.4.0/gems/promethee-1.0.6/app/views/promethee/components/_row.html.erb (232.0ms)
  Rendered /Users/arnaudlevy/.rbenv/versions/2.4.2/lib/ruby/gems/2.4.0/gems/promethee-1.0.6/app/views/promethee/components/_video.html.erb (0.1ms)
  Rendered /Users/arnaudlevy/.rbenv/versions/2.4.2/lib/ruby/gems/2.4.0/gems/promethee-1.0.6/app/views/promethee/components/_children.html.erb (681.1ms)
  Rendered /Users/arnaudlevy/.rbenv/versions/2.4.2/lib/ruby/gems/2.4.0/gems/promethee-1.0.6/app/views/promethee/components/_page.html.erb (714.7ms)
  Rendered /Users/arnaudlevy/.rbenv/versions/2.4.2/lib/ruby/gems/2.4.0/gems/promethee-1.0.6/app/views/promethee/_show.html.erb (748.2ms)
  Rendered /Users/arnaudlevy/.rbenv/versions/2.4.2/lib/ruby/gems/2.4.0/gems/promethee-1.0.6/app/views/promethee/components/_page_edit.html.erb (0.1ms)
  Rendered /Users/arnaudlevy/.rbenv/versions/2.4.2/lib/ruby/gems/2.4.0/gems/promethee-1.0.6/app/views/promethee/components/_children_edit.html.erb (0.1ms)
  Rendered /Users/arnaudlevy/.rbenv/versions/2.4.2/lib/ruby/gems/2.4.0/gems/promethee-1.0.6/app/views/promethee/partials/_toolbar_buttons.html.erb (0.2ms)
  Rendered /Users/arnaudlevy/.rbenv/versions/2.4.2/lib/ruby/gems/2.4.0/gems/promethee-1.0.6/app/views/promethee/components/_row_edit.html.erb (51.4ms)
  Rendered /Users/arnaudlevy/.rbenv/versions/2.4.2/lib/ruby/gems/2.4.0/gems/promethee-1.0.6/app/views/promethee/partials/_toolbar_buttons.html.erb (0.2ms)
  Rendered /Users/arnaudlevy/.rbenv/versions/2.4.2/lib/ruby/gems/2.4.0/gems/promethee-1.0.6/app/views/promethee/components/_column_edit.html.erb (54.3ms)
  Rendered /Users/arnaudlevy/.rbenv/versions/2.4.2/lib/ruby/gems/2.4.0/gems/promethee-1.0.6/app/views/promethee/partials/_toolbar_buttons.html.erb (0.2ms)
  Rendered /Users/arnaudlevy/.rbenv/versions/2.4.2/lib/ruby/gems/2.4.0/gems/promethee-1.0.6/app/views/promethee/components/_text_edit.html.erb (53.4ms)
  Rendered /Users/arnaudlevy/.rbenv/versions/2.4.2/lib/ruby/gems/2.4.0/gems/promethee-1.0.6/app/views/promethee/partials/_toolbar_buttons.html.erb (0.2ms)
  Rendered /Users/arnaudlevy/.rbenv/versions/2.4.2/lib/ruby/gems/2.4.0/gems/promethee-1.0.6/app/views/promethee/components/_image_edit.html.erb (40.9ms)
  Rendered /Users/arnaudlevy/.rbenv/versions/2.4.2/lib/ruby/gems/2.4.0/gems/promethee-1.0.6/app/views/promethee/partials/_toolbar_buttons.html.erb (0.2ms)
  Rendered /Users/arnaudlevy/.rbenv/versions/2.4.2/lib/ruby/gems/2.4.0/gems/promethee-1.0.6/app/views/promethee/components/_video_edit.html.erb (54.0ms)
  Rendered /Users/arnaudlevy/.rbenv/versions/2.4.2/lib/ruby/gems/2.4.0/gems/promethee-1.0.6/app/views/promethee/partials/_include_components.html.erb (616.9ms)
  Rendered /Users/arnaudlevy/.rbenv/versions/2.4.2/lib/ruby/gems/2.4.0/gems/promethee-1.0.6/app/views/promethee/_localize.html.erb (682.7ms)
  Rendered /Users/arnaudlevy/.rbenv/versions/2.4.2/lib/ruby/gems/2.4.0/gems/promethee-1.0.6/app/views/promethee/components/_image.html.erb (0.1ms)
  Rendered /Users/arnaudlevy/.rbenv/versions/2.4.2/lib/ruby/gems/2.4.0/gems/promethee-1.0.6/app/views/promethee/components/_text.html.erb (0.1ms)
  Rendered /Users/arnaudlevy/.rbenv/versions/2.4.2/lib/ruby/gems/2.4.0/gems/promethee-1.0.6/app/views/promethee/components/_text.html.erb (0.1ms)
  Rendered /Users/arnaudlevy/.rbenv/versions/2.4.2/lib/ruby/gems/2.4.0/gems/promethee-1.0.6/app/views/promethee/components/_text.html.erb (0.1ms)
  Rendered /Users/arnaudlevy/.rbenv/versions/2.4.2/lib/ruby/gems/2.4.0/gems/promethee-1.0.6/app/views/promethee/components/_children.html.erb (58.6ms)
  Rendered /Users/arnaudlevy/.rbenv/versions/2.4.2/lib/ruby/gems/2.4.0/gems/promethee-1.0.6/app/views/promethee/components/_column.html.erb (87.8ms)
  Rendered /Users/arnaudlevy/.rbenv/versions/2.4.2/lib/ruby/gems/2.4.0/gems/promethee-1.0.6/app/views/promethee/components/_image.html.erb (0.1ms)
  Rendered /Users/arnaudlevy/.rbenv/versions/2.4.2/lib/ruby/gems/2.4.0/gems/promethee-1.0.6/app/views/promethee/components/_children.html.erb (31.6ms)
  Rendered /Users/arnaudlevy/.rbenv/versions/2.4.2/lib/ruby/gems/2.4.0/gems/promethee-1.0.6/app/views/promethee/components/_column.html.erb (63.7ms)
  Rendered /Users/arnaudlevy/.rbenv/versions/2.4.2/lib/ruby/gems/2.4.0/gems/promethee-1.0.6/app/views/promethee/components/_children.html.erb (213.9ms)
  Rendered /Users/arnaudlevy/.rbenv/versions/2.4.2/lib/ruby/gems/2.4.0/gems/promethee-1.0.6/app/views/promethee/components/_row.html.erb (241.7ms)
  Rendered /Users/arnaudlevy/.rbenv/versions/2.4.2/lib/ruby/gems/2.4.0/gems/promethee-1.0.6/app/views/promethee/components/_video.html.erb (0.2ms)
  Rendered /Users/arnaudlevy/.rbenv/versions/2.4.2/lib/ruby/gems/2.4.0/gems/promethee-1.0.6/app/views/promethee/components/_image.html.erb (0.1ms)
  Rendered /Users/arnaudlevy/.rbenv/versions/2.4.2/lib/ruby/gems/2.4.0/gems/promethee-1.0.6/app/views/promethee/components/_children.html.erb (31.7ms)
  Rendered /Users/arnaudlevy/.rbenv/versions/2.4.2/lib/ruby/gems/2.4.0/gems/promethee-1.0.6/app/views/promethee/components/_column.html.erb (62.5ms)
  Rendered /Users/arnaudlevy/.rbenv/versions/2.4.2/lib/ruby/gems/2.4.0/gems/promethee-1.0.6/app/views/promethee/components/_text.html.erb (0.1ms)
  Rendered /Users/arnaudlevy/.rbenv/versions/2.4.2/lib/ruby/gems/2.4.0/gems/promethee-1.0.6/app/views/promethee/components/_children.html.erb (31.5ms)
  Rendered /Users/arnaudlevy/.rbenv/versions/2.4.2/lib/ruby/gems/2.4.0/gems/promethee-1.0.6/app/views/promethee/components/_column.html.erb (68.0ms)
  Rendered /Users/arnaudlevy/.rbenv/versions/2.4.2/lib/ruby/gems/2.4.0/gems/promethee-1.0.6/app/views/promethee/components/_children.html.erb (192.0ms)
  Rendered /Users/arnaudlevy/.rbenv/versions/2.4.2/lib/ruby/gems/2.4.0/gems/promethee-1.0.6/app/views/promethee/components/_row.html.erb (222.3ms)
  Rendered /Users/arnaudlevy/.rbenv/versions/2.4.2/lib/ruby/gems/2.4.0/gems/promethee-1.0.6/app/views/promethee/components/_video.html.erb (0.1ms)
  Rendered /Users/arnaudlevy/.rbenv/versions/2.4.2/lib/ruby/gems/2.4.0/gems/promethee-1.0.6/app/views/promethee/components/_children.html.erb (655.4ms)
  Rendered /Users/arnaudlevy/.rbenv/versions/2.4.2/lib/ruby/gems/2.4.0/gems/promethee-1.0.6/app/views/promethee/components/_page.html.erb (686.4ms)
  Rendered /Users/arnaudlevy/.rbenv/versions/2.4.2/lib/ruby/gems/2.4.0/gems/promethee-1.0.6/app/views/promethee/_show.html.erb (738.1ms)
  Rendered application/index.html.erb within layouts/application (2953.7ms)
Completed 200 OK in 7611ms (Views: 7608.0ms)


Started GET "/" for 127.0.0.1 at 2017-12-01 13:31:07 +0100
Processing by ApplicationController#index as HTML
  Rendering application/index.html.erb within layouts/application
  Rendered /Users/arnaudlevy/.rbenv/versions/2.4.2/lib/ruby/gems/2.4.0/gems/promethee-1.0.6/app/views/promethee/components/_page_edit.html.erb (0.4ms)
  Rendered /Users/arnaudlevy/.rbenv/versions/2.4.2/lib/ruby/gems/2.4.0/gems/promethee-1.0.6/app/views/promethee/components/_children_edit.html.erb (0.4ms)
  Rendered /Users/arnaudlevy/.rbenv/versions/2.4.2/lib/ruby/gems/2.4.0/gems/promethee-1.0.6/app/views/promethee/partials/_toolbar_buttons.html.erb (0.7ms)
  Rendered /Users/arnaudlevy/.rbenv/versions/2.4.2/lib/ruby/gems/2.4.0/gems/promethee-1.0.6/app/views/promethee/components/_row_edit.html.erb (39.4ms)
  Rendered /Users/arnaudlevy/.rbenv/versions/2.4.2/lib/ruby/gems/2.4.0/gems/promethee-1.0.6/app/views/promethee/partials/_toolbar_buttons.html.erb (0.2ms)
  Rendered /Users/arnaudlevy/.rbenv/versions/2.4.2/lib/ruby/gems/2.4.0/gems/promethee-1.0.6/app/views/promethee/components/_column_edit.html.erb (36.4ms)
  Rendered /Users/arnaudlevy/.rbenv/versions/2.4.2/lib/ruby/gems/2.4.0/gems/promethee-1.0.6/app/views/promethee/partials/_toolbar_buttons.html.erb (0.2ms)
  Rendered /Users/arnaudlevy/.rbenv/versions/2.4.2/lib/ruby/gems/2.4.0/gems/promethee-1.0.6/app/views/promethee/components/_text_edit.html.erb (34.4ms)
  Rendered /Users/arnaudlevy/.rbenv/versions/2.4.2/lib/ruby/gems/2.4.0/gems/promethee-1.0.6/app/views/promethee/partials/_toolbar_buttons.html.erb (0.2ms)
  Rendered /Users/arnaudlevy/.rbenv/versions/2.4.2/lib/ruby/gems/2.4.0/gems/promethee-1.0.6/app/views/promethee/components/_image_edit.html.erb (41.6ms)
  Rendered /Users/arnaudlevy/.rbenv/versions/2.4.2/lib/ruby/gems/2.4.0/gems/promethee-1.0.6/app/views/promethee/partials/_toolbar_buttons.html.erb (0.2ms)
  Rendered /Users/arnaudlevy/.rbenv/versions/2.4.2/lib/ruby/gems/2.4.0/gems/promethee-1.0.6/app/views/promethee/components/_video_edit.html.erb (38.4ms)
  Rendered /Users/arnaudlevy/.rbenv/versions/2.4.2/lib/ruby/gems/2.4.0/gems/promethee-1.0.6/app/views/promethee/partials/_include_components.html.erb (426.0ms)
  Rendered /Users/arnaudlevy/.rbenv/versions/2.4.2/lib/ruby/gems/2.4.0/gems/promethee-1.0.6/app/views/promethee/partials/_navbar.html.erb (3.6ms)
  Rendered /Users/arnaudlevy/.rbenv/versions/2.4.2/lib/ruby/gems/2.4.0/gems/promethee-1.0.6/app/views/promethee/partials/_preview.html.erb (0.3ms)
  Rendered /Users/arnaudlevy/.rbenv/versions/2.4.2/lib/ruby/gems/2.4.0/gems/promethee-1.0.6/app/views/promethee/partials/_mover.html.erb (0.8ms)
  Rendered /Users/arnaudlevy/.rbenv/versions/2.4.2/lib/ruby/gems/2.4.0/gems/promethee-1.0.6/app/views/promethee/partials/_adder.html.erb (0.5ms)
  Rendered /Users/arnaudlevy/.rbenv/versions/2.4.2/lib/ruby/gems/2.4.0/gems/promethee-1.0.6/app/views/promethee/partials/_page.html.erb (34.5ms)
  Rendered /Users/arnaudlevy/.rbenv/versions/2.4.2/lib/ruby/gems/2.4.0/gems/promethee-1.0.6/app/views/promethee/_edit.html.erb (628.8ms)
  Rendered /Users/arnaudlevy/.rbenv/versions/2.4.2/lib/ruby/gems/2.4.0/gems/promethee-1.0.6/app/views/promethee/components/_image.html.erb (0.5ms)
  Rendered /Users/arnaudlevy/.rbenv/versions/2.4.2/lib/ruby/gems/2.4.0/gems/promethee-1.0.6/app/views/promethee/components/_text.html.erb (0.5ms)
  Rendered /Users/arnaudlevy/.rbenv/versions/2.4.2/lib/ruby/gems/2.4.0/gems/promethee-1.0.6/app/views/promethee/components/_text.html.erb (0.1ms)
  Rendered /Users/arnaudlevy/.rbenv/versions/2.4.2/lib/ruby/gems/2.4.0/gems/promethee-1.0.6/app/views/promethee/components/_text.html.erb (0.1ms)
  Rendered /Users/arnaudlevy/.rbenv/versions/2.4.2/lib/ruby/gems/2.4.0/gems/promethee-1.0.6/app/views/promethee/components/_children.html.erb (61.8ms)
  Rendered /Users/arnaudlevy/.rbenv/versions/2.4.2/lib/ruby/gems/2.4.0/gems/promethee-1.0.6/app/views/promethee/components/_column.html.erb (88.6ms)
  Rendered /Users/arnaudlevy/.rbenv/versions/2.4.2/lib/ruby/gems/2.4.0/gems/promethee-1.0.6/app/views/promethee/components/_image.html.erb (0.1ms)
  Rendered /Users/arnaudlevy/.rbenv/versions/2.4.2/lib/ruby/gems/2.4.0/gems/promethee-1.0.6/app/views/promethee/components/_children.html.erb (38.9ms)
  Rendered /Users/arnaudlevy/.rbenv/versions/2.4.2/lib/ruby/gems/2.4.0/gems/promethee-1.0.6/app/views/promethee/components/_column.html.erb (75.8ms)
  Rendered /Users/arnaudlevy/.rbenv/versions/2.4.2/lib/ruby/gems/2.4.0/gems/promethee-1.0.6/app/views/promethee/components/_children.html.erb (242.4ms)
  Rendered /Users/arnaudlevy/.rbenv/versions/2.4.2/lib/ruby/gems/2.4.0/gems/promethee-1.0.6/app/views/promethee/components/_row.html.erb (273.8ms)
  Rendered /Users/arnaudlevy/.rbenv/versions/2.4.2/lib/ruby/gems/2.4.0/gems/promethee-1.0.6/app/views/promethee/components/_video.html.erb (0.6ms)
  Rendered /Users/arnaudlevy/.rbenv/versions/2.4.2/lib/ruby/gems/2.4.0/gems/promethee-1.0.6/app/views/promethee/components/_image.html.erb (0.3ms)
  Rendered /Users/arnaudlevy/.rbenv/versions/2.4.2/lib/ruby/gems/2.4.0/gems/promethee-1.0.6/app/views/promethee/components/_children.html.erb (37.8ms)
  Rendered /Users/arnaudlevy/.rbenv/versions/2.4.2/lib/ruby/gems/2.4.0/gems/promethee-1.0.6/app/views/promethee/components/_column.html.erb (74.6ms)
  Rendered /Users/arnaudlevy/.rbenv/versions/2.4.2/lib/ruby/gems/2.4.0/gems/promethee-1.0.6/app/views/promethee/components/_text.html.erb (0.1ms)
  Rendered /Users/arnaudlevy/.rbenv/versions/2.4.2/lib/ruby/gems/2.4.0/gems/promethee-1.0.6/app/views/promethee/components/_children.html.erb (32.0ms)
  Rendered /Users/arnaudlevy/.rbenv/versions/2.4.2/lib/ruby/gems/2.4.0/gems/promethee-1.0.6/app/views/promethee/components/_column.html.erb (63.8ms)
  Rendered /Users/arnaudlevy/.rbenv/versions/2.4.2/lib/ruby/gems/2.4.0/gems/promethee-1.0.6/app/views/promethee/components/_children.html.erb (206.2ms)
  Rendered /Users/arnaudlevy/.rbenv/versions/2.4.2/lib/ruby/gems/2.4.0/gems/promethee-1.0.6/app/views/promethee/components/_row.html.erb (237.1ms)
  Rendered /Users/arnaudlevy/.rbenv/versions/2.4.2/lib/ruby/gems/2.4.0/gems/promethee-1.0.6/app/views/promethee/components/_video.html.erb (0.1ms)
  Rendered /Users/arnaudlevy/.rbenv/versions/2.4.2/lib/ruby/gems/2.4.0/gems/promethee-1.0.6/app/views/promethee/components/_children.html.erb (721.2ms)
  Rendered /Users/arnaudlevy/.rbenv/versions/2.4.2/lib/ruby/gems/2.4.0/gems/promethee-1.0.6/app/views/promethee/components/_page.html.erb (754.8ms)
  Rendered /Users/arnaudlevy/.rbenv/versions/2.4.2/lib/ruby/gems/2.4.0/gems/promethee-1.0.6/app/views/promethee/_show.html.erb (790.1ms)
  Rendered /Users/arnaudlevy/.rbenv/versions/2.4.2/lib/ruby/gems/2.4.0/gems/promethee-1.0.6/app/views/promethee/components/_page_edit.html.erb (0.1ms)
  Rendered /Users/arnaudlevy/.rbenv/versions/2.4.2/lib/ruby/gems/2.4.0/gems/promethee-1.0.6/app/views/promethee/components/_children_edit.html.erb (0.1ms)
  Rendered /Users/arnaudlevy/.rbenv/versions/2.4.2/lib/ruby/gems/2.4.0/gems/promethee-1.0.6/app/views/promethee/partials/_toolbar_buttons.html.erb (0.2ms)
  Rendered /Users/arnaudlevy/.rbenv/versions/2.4.2/lib/ruby/gems/2.4.0/gems/promethee-1.0.6/app/views/promethee/components/_row_edit.html.erb (30.9ms)
  Rendered /Users/arnaudlevy/.rbenv/versions/2.4.2/lib/ruby/gems/2.4.0/gems/promethee-1.0.6/app/views/promethee/partials/_toolbar_buttons.html.erb (0.2ms)
  Rendered /Users/arnaudlevy/.rbenv/versions/2.4.2/lib/ruby/gems/2.4.0/gems/promethee-1.0.6/app/views/promethee/components/_column_edit.html.erb (41.7ms)
  Rendered /Users/arnaudlevy/.rbenv/versions/2.4.2/lib/ruby/gems/2.4.0/gems/promethee-1.0.6/app/views/promethee/partials/_toolbar_buttons.html.erb (0.1ms)
  Rendered /Users/arnaudlevy/.rbenv/versions/2.4.2/lib/ruby/gems/2.4.0/gems/promethee-1.0.6/app/views/promethee/components/_text_edit.html.erb (37.8ms)
  Rendered /Users/arnaudlevy/.rbenv/versions/2.4.2/lib/ruby/gems/2.4.0/gems/promethee-1.0.6/app/views/promethee/partials/_toolbar_buttons.html.erb (0.2ms)
  Rendered /Users/arnaudlevy/.rbenv/versions/2.4.2/lib/ruby/gems/2.4.0/gems/promethee-1.0.6/app/views/promethee/components/_image_edit.html.erb (37.0ms)
  Rendered /Users/arnaudlevy/.rbenv/versions/2.4.2/lib/ruby/gems/2.4.0/gems/promethee-1.0.6/app/views/promethee/partials/_toolbar_buttons.html.erb (0.1ms)
  Rendered /Users/arnaudlevy/.rbenv/versions/2.4.2/lib/ruby/gems/2.4.0/gems/promethee-1.0.6/app/views/promethee/components/_video_edit.html.erb (35.7ms)
  Rendered /Users/arnaudlevy/.rbenv/versions/2.4.2/lib/ruby/gems/2.4.0/gems/promethee-1.0.6/app/views/promethee/partials/_include_components.html.erb (402.4ms)
  Rendered /Users/arnaudlevy/.rbenv/versions/2.4.2/lib/ruby/gems/2.4.0/gems/promethee-1.0.6/app/views/promethee/_localize.html.erb (446.2ms)
  Rendered /Users/arnaudlevy/.rbenv/versions/2.4.2/lib/ruby/gems/2.4.0/gems/promethee-1.0.6/app/views/promethee/components/_image.html.erb (0.1ms)
  Rendered /Users/arnaudlevy/.rbenv/versions/2.4.2/lib/ruby/gems/2.4.0/gems/promethee-1.0.6/app/views/promethee/components/_text.html.erb (0.2ms)
  Rendered /Users/arnaudlevy/.rbenv/versions/2.4.2/lib/ruby/gems/2.4.0/gems/promethee-1.0.6/app/views/promethee/components/_text.html.erb (0.1ms)
  Rendered /Users/arnaudlevy/.rbenv/versions/2.4.2/lib/ruby/gems/2.4.0/gems/promethee-1.0.6/app/views/promethee/components/_text.html.erb (0.3ms)
  Rendered /Users/arnaudlevy/.rbenv/versions/2.4.2/lib/ruby/gems/2.4.0/gems/promethee-1.0.6/app/views/promethee/components/_children.html.erb (84.8ms)
  Rendered /Users/arnaudlevy/.rbenv/versions/2.4.2/lib/ruby/gems/2.4.0/gems/promethee-1.0.6/app/views/promethee/components/_column.html.erb (117.0ms)
  Rendered /Users/arnaudlevy/.rbenv/versions/2.4.2/lib/ruby/gems/2.4.0/gems/promethee-1.0.6/app/views/promethee/components/_image.html.erb (0.1ms)
  Rendered /Users/arnaudlevy/.rbenv/versions/2.4.2/lib/ruby/gems/2.4.0/gems/promethee-1.0.6/app/views/promethee/components/_children.html.erb (26.6ms)
  Rendered /Users/arnaudlevy/.rbenv/versions/2.4.2/lib/ruby/gems/2.4.0/gems/promethee-1.0.6/app/views/promethee/components/_column.html.erb (57.5ms)
  Rendered /Users/arnaudlevy/.rbenv/versions/2.4.2/lib/ruby/gems/2.4.0/gems/promethee-1.0.6/app/views/promethee/components/_children.html.erb (242.5ms)
  Rendered /Users/arnaudlevy/.rbenv/versions/2.4.2/lib/ruby/gems/2.4.0/gems/promethee-1.0.6/app/views/promethee/components/_row.html.erb (273.1ms)
  Rendered /Users/arnaudlevy/.rbenv/versions/2.4.2/lib/ruby/gems/2.4.0/gems/promethee-1.0.6/app/views/promethee/components/_video.html.erb (0.1ms)
  Rendered /Users/arnaudlevy/.rbenv/versions/2.4.2/lib/ruby/gems/2.4.0/gems/promethee-1.0.6/app/views/promethee/components/_image.html.erb (0.1ms)
  Rendered /Users/arnaudlevy/.rbenv/versions/2.4.2/lib/ruby/gems/2.4.0/gems/promethee-1.0.6/app/views/promethee/components/_children.html.erb (61.1ms)
  Rendered /Users/arnaudlevy/.rbenv/versions/2.4.2/lib/ruby/gems/2.4.0/gems/promethee-1.0.6/app/views/promethee/components/_column.html.erb (96.7ms)
  Rendered /Users/arnaudlevy/.rbenv/versions/2.4.2/lib/ruby/gems/2.4.0/gems/promethee-1.0.6/app/views/promethee/components/_text.html.erb (0.1ms)
  Rendered /Users/arnaudlevy/.rbenv/versions/2.4.2/lib/ruby/gems/2.4.0/gems/promethee-1.0.6/app/views/promethee/components/_children.html.erb (30.3ms)
  Rendered /Users/arnaudlevy/.rbenv/versions/2.4.2/lib/ruby/gems/2.4.0/gems/promethee-1.0.6/app/views/promethee/components/_column.html.erb (61.7ms)
  Rendered /Users/arnaudlevy/.rbenv/versions/2.4.2/lib/ruby/gems/2.4.0/gems/promethee-1.0.6/app/views/promethee/components/_children.html.erb (225.1ms)
  Rendered /Users/arnaudlevy/.rbenv/versions/2.4.2/lib/ruby/gems/2.4.0/gems/promethee-1.0.6/app/views/promethee/components/_row.html.erb (255.8ms)
  Rendered /Users/arnaudlevy/.rbenv/versions/2.4.2/lib/ruby/gems/2.4.0/gems/promethee-1.0.6/app/views/promethee/components/_video.html.erb (0.1ms)
  Rendered /Users/arnaudlevy/.rbenv/versions/2.4.2/lib/ruby/gems/2.4.0/gems/promethee-1.0.6/app/views/promethee/components/_children.html.erb (717.2ms)
  Rendered /Users/arnaudlevy/.rbenv/versions/2.4.2/lib/ruby/gems/2.4.0/gems/promethee-1.0.6/app/views/promethee/components/_page.html.erb (747.2ms)
  Rendered /Users/arnaudlevy/.rbenv/versions/2.4.2/lib/ruby/gems/2.4.0/gems/promethee-1.0.6/app/views/promethee/_show.html.erb (787.5ms)
  Rendered application/index.html.erb within layouts/application (2778.0ms)
Completed 200 OK in 5675ms (Views: 5672.2ms)


Started GET "/" for 127.0.0.1 at 2017-12-01 13:31:35 +0100
Processing by ApplicationController#index as HTML
  Rendering application/index.html.erb within layouts/application
  Rendered /Users/arnaudlevy/.rbenv/versions/2.4.2/lib/ruby/gems/2.4.0/gems/promethee-1.0.6/app/views/promethee/components/_page_edit.html.erb (0.4ms)
  Rendered /Users/arnaudlevy/.rbenv/versions/2.4.2/lib/ruby/gems/2.4.0/gems/promethee-1.0.6/app/views/promethee/components/_children_edit.html.erb (0.4ms)
  Rendered /Users/arnaudlevy/.rbenv/versions/2.4.2/lib/ruby/gems/2.4.0/gems/promethee-1.0.6/app/views/promethee/partials/_toolbar_buttons.html.erb (0.5ms)
  Rendered /Users/arnaudlevy/.rbenv/versions/2.4.2/lib/ruby/gems/2.4.0/gems/promethee-1.0.6/app/views/promethee/components/_row_edit.html.erb (34.2ms)
  Rendered /Users/arnaudlevy/.rbenv/versions/2.4.2/lib/ruby/gems/2.4.0/gems/promethee-1.0.6/app/views/promethee/partials/_toolbar_buttons.html.erb (0.1ms)
  Rendered /Users/arnaudlevy/.rbenv/versions/2.4.2/lib/ruby/gems/2.4.0/gems/promethee-1.0.6/app/views/promethee/components/_column_edit.html.erb (30.5ms)
  Rendered /Users/arnaudlevy/.rbenv/versions/2.4.2/lib/ruby/gems/2.4.0/gems/promethee-1.0.6/app/views/promethee/partials/_toolbar_buttons.html.erb (0.1ms)
  Rendered /Users/arnaudlevy/.rbenv/versions/2.4.2/lib/ruby/gems/2.4.0/gems/promethee-1.0.6/app/views/promethee/components/_text_edit.html.erb (35.3ms)
  Rendered /Users/arnaudlevy/.rbenv/versions/2.4.2/lib/ruby/gems/2.4.0/gems/promethee-1.0.6/app/views/promethee/partials/_toolbar_buttons.html.erb (0.2ms)
  Rendered /Users/arnaudlevy/.rbenv/versions/2.4.2/lib/ruby/gems/2.4.0/gems/promethee-1.0.6/app/views/promethee/components/_image_edit.html.erb (36.6ms)
  Rendered /Users/arnaudlevy/.rbenv/versions/2.4.2/lib/ruby/gems/2.4.0/gems/promethee-1.0.6/app/views/promethee/partials/_toolbar_buttons.html.erb (0.2ms)
  Rendered /Users/arnaudlevy/.rbenv/versions/2.4.2/lib/ruby/gems/2.4.0/gems/promethee-1.0.6/app/views/promethee/components/_video_edit.html.erb (35.1ms)
  Rendered /Users/arnaudlevy/.rbenv/versions/2.4.2/lib/ruby/gems/2.4.0/gems/promethee-1.0.6/app/views/promethee/partials/_include_components.html.erb (412.9ms)
  Rendered /Users/arnaudlevy/.rbenv/versions/2.4.2/lib/ruby/gems/2.4.0/gems/promethee-1.0.6/app/views/promethee/partials/_navbar.html.erb (4.0ms)
  Rendered /Users/arnaudlevy/.rbenv/versions/2.4.2/lib/ruby/gems/2.4.0/gems/promethee-1.0.6/app/views/promethee/partials/_preview.html.erb (0.4ms)
  Rendered /Users/arnaudlevy/.rbenv/versions/2.4.2/lib/ruby/gems/2.4.0/gems/promethee-1.0.6/app/views/promethee/partials/_mover.html.erb (0.5ms)
  Rendered /Users/arnaudlevy/.rbenv/versions/2.4.2/lib/ruby/gems/2.4.0/gems/promethee-1.0.6/app/views/promethee/partials/_adder.html.erb (0.5ms)
  Rendered /Users/arnaudlevy/.rbenv/versions/2.4.2/lib/ruby/gems/2.4.0/gems/promethee-1.0.6/app/views/promethee/partials/_page.html.erb (36.4ms)
  Rendered /Users/arnaudlevy/.rbenv/versions/2.4.2/lib/ruby/gems/2.4.0/gems/promethee-1.0.6/app/views/promethee/_edit.html.erb (630.6ms)
  Rendered /Users/arnaudlevy/.rbenv/versions/2.4.2/lib/ruby/gems/2.4.0/gems/promethee-1.0.6/app/views/promethee/components/_image.html.erb (0.8ms)
  Rendered /Users/arnaudlevy/.rbenv/versions/2.4.2/lib/ruby/gems/2.4.0/gems/promethee-1.0.6/app/views/promethee/components/_text.html.erb (0.6ms)
  Rendered /Users/arnaudlevy/.rbenv/versions/2.4.2/lib/ruby/gems/2.4.0/gems/promethee-1.0.6/app/views/promethee/components/_text.html.erb (0.1ms)
  Rendered /Users/arnaudlevy/.rbenv/versions/2.4.2/lib/ruby/gems/2.4.0/gems/promethee-1.0.6/app/views/promethee/components/_text.html.erb (0.1ms)
  Rendered /Users/arnaudlevy/.rbenv/versions/2.4.2/lib/ruby/gems/2.4.0/gems/promethee-1.0.6/app/views/promethee/components/_children.html.erb (70.1ms)
  Rendered /Users/arnaudlevy/.rbenv/versions/2.4.2/lib/ruby/gems/2.4.0/gems/promethee-1.0.6/app/views/promethee/components/_column.html.erb (104.0ms)
  Rendered /Users/arnaudlevy/.rbenv/versions/2.4.2/lib/ruby/gems/2.4.0/gems/promethee-1.0.6/app/views/promethee/components/_image.html.erb (0.1ms)
  Rendered /Users/arnaudlevy/.rbenv/versions/2.4.2/lib/ruby/gems/2.4.0/gems/promethee-1.0.6/app/views/promethee/components/_children.html.erb (30.0ms)
  Rendered /Users/arnaudlevy/.rbenv/versions/2.4.2/lib/ruby/gems/2.4.0/gems/promethee-1.0.6/app/views/promethee/components/_column.html.erb (65.5ms)
  Rendered /Users/arnaudlevy/.rbenv/versions/2.4.2/lib/ruby/gems/2.4.0/gems/promethee-1.0.6/app/views/promethee/components/_children.html.erb (233.7ms)
  Rendered /Users/arnaudlevy/.rbenv/versions/2.4.2/lib/ruby/gems/2.4.0/gems/promethee-1.0.6/app/views/promethee/components/_row.html.erb (266.4ms)
  Rendered /Users/arnaudlevy/.rbenv/versions/2.4.2/lib/ruby/gems/2.4.0/gems/promethee-1.0.6/app/views/promethee/components/_video.html.erb (0.7ms)
  Rendered /Users/arnaudlevy/.rbenv/versions/2.4.2/lib/ruby/gems/2.4.0/gems/promethee-1.0.6/app/views/promethee/components/_image.html.erb (0.1ms)
  Rendered /Users/arnaudlevy/.rbenv/versions/2.4.2/lib/ruby/gems/2.4.0/gems/promethee-1.0.6/app/views/promethee/components/_children.html.erb (29.3ms)
  Rendered /Users/arnaudlevy/.rbenv/versions/2.4.2/lib/ruby/gems/2.4.0/gems/promethee-1.0.6/app/views/promethee/components/_column.html.erb (58.9ms)
  Rendered /Users/arnaudlevy/.rbenv/versions/2.4.2/lib/ruby/gems/2.4.0/gems/promethee-1.0.6/app/views/promethee/components/_text.html.erb (0.1ms)
  Rendered /Users/arnaudlevy/.rbenv/versions/2.4.2/lib/ruby/gems/2.4.0/gems/promethee-1.0.6/app/views/promethee/components/_children.html.erb (29.2ms)
  Rendered /Users/arnaudlevy/.rbenv/versions/2.4.2/lib/ruby/gems/2.4.0/gems/promethee-1.0.6/app/views/promethee/components/_column.html.erb (60.8ms)
  Rendered /Users/arnaudlevy/.rbenv/versions/2.4.2/lib/ruby/gems/2.4.0/gems/promethee-1.0.6/app/views/promethee/components/_children.html.erb (174.4ms)
  Rendered /Users/arnaudlevy/.rbenv/versions/2.4.2/lib/ruby/gems/2.4.0/gems/promethee-1.0.6/app/views/promethee/components/_row.html.erb (215.8ms)
  Rendered /Users/arnaudlevy/.rbenv/versions/2.4.2/lib/ruby/gems/2.4.0/gems/promethee-1.0.6/app/views/promethee/components/_video.html.erb (0.1ms)
  Rendered /Users/arnaudlevy/.rbenv/versions/2.4.2/lib/ruby/gems/2.4.0/gems/promethee-1.0.6/app/views/promethee/components/_children.html.erb (681.5ms)
  Rendered /Users/arnaudlevy/.rbenv/versions/2.4.2/lib/ruby/gems/2.4.0/gems/promethee-1.0.6/app/views/promethee/components/_page.html.erb (714.4ms)
  Rendered /Users/arnaudlevy/.rbenv/versions/2.4.2/lib/ruby/gems/2.4.0/gems/promethee-1.0.6/app/views/promethee/_show.html.erb (764.2ms)
  Rendered /Users/arnaudlevy/.rbenv/versions/2.4.2/lib/ruby/gems/2.4.0/gems/promethee-1.0.6/app/views/promethee/components/_page_edit.html.erb (0.1ms)
  Rendered /Users/arnaudlevy/.rbenv/versions/2.4.2/lib/ruby/gems/2.4.0/gems/promethee-1.0.6/app/views/promethee/components/_children_edit.html.erb (0.1ms)
  Rendered /Users/arnaudlevy/.rbenv/versions/2.4.2/lib/ruby/gems/2.4.0/gems/promethee-1.0.6/app/views/promethee/partials/_toolbar_buttons.html.erb (0.1ms)
  Rendered /Users/arnaudlevy/.rbenv/versions/2.4.2/lib/ruby/gems/2.4.0/gems/promethee-1.0.6/app/views/promethee/components/_row_edit.html.erb (36.9ms)
  Rendered /Users/arnaudlevy/.rbenv/versions/2.4.2/lib/ruby/gems/2.4.0/gems/promethee-1.0.6/app/views/promethee/partials/_toolbar_buttons.html.erb (0.2ms)
  Rendered /Users/arnaudlevy/.rbenv/versions/2.4.2/lib/ruby/gems/2.4.0/gems/promethee-1.0.6/app/views/promethee/components/_column_edit.html.erb (44.0ms)
  Rendered /Users/arnaudlevy/.rbenv/versions/2.4.2/lib/ruby/gems/2.4.0/gems/promethee-1.0.6/app/views/promethee/partials/_toolbar_buttons.html.erb (0.1ms)
  Rendered /Users/arnaudlevy/.rbenv/versions/2.4.2/lib/ruby/gems/2.4.0/gems/promethee-1.0.6/app/views/promethee/components/_text_edit.html.erb (31.6ms)
  Rendered /Users/arnaudlevy/.rbenv/versions/2.4.2/lib/ruby/gems/2.4.0/gems/promethee-1.0.6/app/views/promethee/partials/_toolbar_buttons.html.erb (0.2ms)
  Rendered /Users/arnaudlevy/.rbenv/versions/2.4.2/lib/ruby/gems/2.4.0/gems/promethee-1.0.6/app/views/promethee/components/_image_edit.html.erb (41.4ms)
  Rendered /Users/arnaudlevy/.rbenv/versions/2.4.2/lib/ruby/gems/2.4.0/gems/promethee-1.0.6/app/views/promethee/partials/_toolbar_buttons.html.erb (0.5ms)
  Rendered /Users/arnaudlevy/.rbenv/versions/2.4.2/lib/ruby/gems/2.4.0/gems/promethee-1.0.6/app/views/promethee/components/_video_edit.html.erb (44.0ms)
  Rendered /Users/arnaudlevy/.rbenv/versions/2.4.2/lib/ruby/gems/2.4.0/gems/promethee-1.0.6/app/views/promethee/partials/_include_components.html.erb (438.6ms)
  Rendered /Users/arnaudlevy/.rbenv/versions/2.4.2/lib/ruby/gems/2.4.0/gems/promethee-1.0.6/app/views/promethee/_localize.html.erb (477.2ms)
  Rendered /Users/arnaudlevy/.rbenv/versions/2.4.2/lib/ruby/gems/2.4.0/gems/promethee-1.0.6/app/views/promethee/components/_image.html.erb (0.1ms)
  Rendered /Users/arnaudlevy/.rbenv/versions/2.4.2/lib/ruby/gems/2.4.0/gems/promethee-1.0.6/app/views/promethee/components/_text.html.erb (0.1ms)
  Rendered /Users/arnaudlevy/.rbenv/versions/2.4.2/lib/ruby/gems/2.4.0/gems/promethee-1.0.6/app/views/promethee/components/_text.html.erb (0.1ms)
  Rendered /Users/arnaudlevy/.rbenv/versions/2.4.2/lib/ruby/gems/2.4.0/gems/promethee-1.0.6/app/views/promethee/components/_text.html.erb (0.1ms)
  Rendered /Users/arnaudlevy/.rbenv/versions/2.4.2/lib/ruby/gems/2.4.0/gems/promethee-1.0.6/app/views/promethee/components/_children.html.erb (60.3ms)
  Rendered /Users/arnaudlevy/.rbenv/versions/2.4.2/lib/ruby/gems/2.4.0/gems/promethee-1.0.6/app/views/promethee/components/_column.html.erb (91.4ms)
  Rendered /Users/arnaudlevy/.rbenv/versions/2.4.2/lib/ruby/gems/2.4.0/gems/promethee-1.0.6/app/views/promethee/components/_image.html.erb (0.1ms)
  Rendered /Users/arnaudlevy/.rbenv/versions/2.4.2/lib/ruby/gems/2.4.0/gems/promethee-1.0.6/app/views/promethee/components/_children.html.erb (33.1ms)
  Rendered /Users/arnaudlevy/.rbenv/versions/2.4.2/lib/ruby/gems/2.4.0/gems/promethee-1.0.6/app/views/promethee/components/_column.html.erb (69.0ms)
  Rendered /Users/arnaudlevy/.rbenv/versions/2.4.2/lib/ruby/gems/2.4.0/gems/promethee-1.0.6/app/views/promethee/components/_children.html.erb (225.4ms)
  Rendered /Users/arnaudlevy/.rbenv/versions/2.4.2/lib/ruby/gems/2.4.0/gems/promethee-1.0.6/app/views/promethee/components/_row.html.erb (255.8ms)
  Rendered /Users/arnaudlevy/.rbenv/versions/2.4.2/lib/ruby/gems/2.4.0/gems/promethee-1.0.6/app/views/promethee/components/_video.html.erb (0.1ms)
  Rendered /Users/arnaudlevy/.rbenv/versions/2.4.2/lib/ruby/gems/2.4.0/gems/promethee-1.0.6/app/views/promethee/components/_image.html.erb (0.1ms)
  Rendered /Users/arnaudlevy/.rbenv/versions/2.4.2/lib/ruby/gems/2.4.0/gems/promethee-1.0.6/app/views/promethee/components/_children.html.erb (31.8ms)
  Rendered /Users/arnaudlevy/.rbenv/versions/2.4.2/lib/ruby/gems/2.4.0/gems/promethee-1.0.6/app/views/promethee/components/_column.html.erb (60.7ms)
  Rendered /Users/arnaudlevy/.rbenv/versions/2.4.2/lib/ruby/gems/2.4.0/gems/promethee-1.0.6/app/views/promethee/components/_text.html.erb (0.1ms)
  Rendered /Users/arnaudlevy/.rbenv/versions/2.4.2/lib/ruby/gems/2.4.0/gems/promethee-1.0.6/app/views/promethee/components/_children.html.erb (48.0ms)
  Rendered /Users/arnaudlevy/.rbenv/versions/2.4.2/lib/ruby/gems/2.4.0/gems/promethee-1.0.6/app/views/promethee/components/_column.html.erb (82.5ms)
  Rendered /Users/arnaudlevy/.rbenv/versions/2.4.2/lib/ruby/gems/2.4.0/gems/promethee-1.0.6/app/views/promethee/components/_children.html.erb (205.8ms)
  Rendered /Users/arnaudlevy/.rbenv/versions/2.4.2/lib/ruby/gems/2.4.0/gems/promethee-1.0.6/app/views/promethee/components/_row.html.erb (240.9ms)
  Rendered /Users/arnaudlevy/.rbenv/versions/2.4.2/lib/ruby/gems/2.4.0/gems/promethee-1.0.6/app/views/promethee/components/_video.html.erb (0.1ms)
  Rendered /Users/arnaudlevy/.rbenv/versions/2.4.2/lib/ruby/gems/2.4.0/gems/promethee-1.0.6/app/views/promethee/components/_children.html.erb (708.2ms)
  Rendered /Users/arnaudlevy/.rbenv/versions/2.4.2/lib/ruby/gems/2.4.0/gems/promethee-1.0.6/app/views/promethee/components/_page.html.erb (737.7ms)
  Rendered /Users/arnaudlevy/.rbenv/versions/2.4.2/lib/ruby/gems/2.4.0/gems/promethee-1.0.6/app/views/promethee/_show.html.erb (778.7ms)
  Rendered application/index.html.erb within layouts/application (2803.9ms)
Completed 200 OK in 3194ms (Views: 3191.6ms)


Started GET "/" for 127.0.0.1 at 2017-12-01 13:31:51 +0100
Processing by ApplicationController#index as HTML
  Rendering application/index.html.erb within layouts/application
  Rendered /Users/arnaudlevy/.rbenv/versions/2.4.2/lib/ruby/gems/2.4.0/gems/promethee-1.0.6/app/views/promethee/components/_page_edit.html.erb (0.5ms)
  Rendered /Users/arnaudlevy/.rbenv/versions/2.4.2/lib/ruby/gems/2.4.0/gems/promethee-1.0.6/app/views/promethee/components/_children_edit.html.erb (0.5ms)
  Rendered /Users/arnaudlevy/.rbenv/versions/2.4.2/lib/ruby/gems/2.4.0/gems/promethee-1.0.6/app/views/promethee/partials/_toolbar_buttons.html.erb (0.6ms)
  Rendered /Users/arnaudlevy/.rbenv/versions/2.4.2/lib/ruby/gems/2.4.0/gems/promethee-1.0.6/app/views/promethee/components/_row_edit.html.erb (32.1ms)
  Rendered /Users/arnaudlevy/.rbenv/versions/2.4.2/lib/ruby/gems/2.4.0/gems/promethee-1.0.6/app/views/promethee/partials/_toolbar_buttons.html.erb (0.1ms)
  Rendered /Users/arnaudlevy/.rbenv/versions/2.4.2/lib/ruby/gems/2.4.0/gems/promethee-1.0.6/app/views/promethee/components/_column_edit.html.erb (35.2ms)
  Rendered /Users/arnaudlevy/.rbenv/versions/2.4.2/lib/ruby/gems/2.4.0/gems/promethee-1.0.6/app/views/promethee/partials/_toolbar_buttons.html.erb (0.2ms)
  Rendered /Users/arnaudlevy/.rbenv/versions/2.4.2/lib/ruby/gems/2.4.0/gems/promethee-1.0.6/app/views/promethee/components/_text_edit.html.erb (44.2ms)
  Rendered /Users/arnaudlevy/.rbenv/versions/2.4.2/lib/ruby/gems/2.4.0/gems/promethee-1.0.6/app/views/promethee/partials/_toolbar_buttons.html.erb (0.2ms)
  Rendered /Users/arnaudlevy/.rbenv/versions/2.4.2/lib/ruby/gems/2.4.0/gems/promethee-1.0.6/app/views/promethee/components/_image_edit.html.erb (33.8ms)
  Rendered /Users/arnaudlevy/.rbenv/versions/2.4.2/lib/ruby/gems/2.4.0/gems/promethee-1.0.6/app/views/promethee/partials/_toolbar_buttons.html.erb (0.4ms)
  Rendered /Users/arnaudlevy/.rbenv/versions/2.4.2/lib/ruby/gems/2.4.0/gems/promethee-1.0.6/app/views/promethee/components/_video_edit.html.erb (34.1ms)
  Rendered /Users/arnaudlevy/.rbenv/versions/2.4.2/lib/ruby/gems/2.4.0/gems/promethee-1.0.6/app/views/promethee/partials/_include_components.html.erb (402.7ms)
  Rendered /Users/arnaudlevy/.rbenv/versions/2.4.2/lib/ruby/gems/2.4.0/gems/promethee-1.0.6/app/views/promethee/partials/_navbar.html.erb (2.6ms)
  Rendered /Users/arnaudlevy/.rbenv/versions/2.4.2/lib/ruby/gems/2.4.0/gems/promethee-1.0.6/app/views/promethee/partials/_preview.html.erb (0.4ms)
  Rendered /Users/arnaudlevy/.rbenv/versions/2.4.2/lib/ruby/gems/2.4.0/gems/promethee-1.0.6/app/views/promethee/partials/_mover.html.erb (0.8ms)
  Rendered /Users/arnaudlevy/.rbenv/versions/2.4.2/lib/ruby/gems/2.4.0/gems/promethee-1.0.6/app/views/promethee/partials/_adder.html.erb (0.4ms)
  Rendered /Users/arnaudlevy/.rbenv/versions/2.4.2/lib/ruby/gems/2.4.0/gems/promethee-1.0.6/app/views/promethee/partials/_page.html.erb (30.0ms)
  Rendered /Users/arnaudlevy/.rbenv/versions/2.4.2/lib/ruby/gems/2.4.0/gems/promethee-1.0.6/app/views/promethee/_edit.html.erb (603.4ms)
  Rendered /Users/arnaudlevy/.rbenv/versions/2.4.2/lib/ruby/gems/2.4.0/gems/promethee-1.0.6/app/views/promethee/components/_image.html.erb (0.6ms)
  Rendered /Users/arnaudlevy/.rbenv/versions/2.4.2/lib/ruby/gems/2.4.0/gems/promethee-1.0.6/app/views/promethee/components/_text.html.erb (0.7ms)
  Rendered /Users/arnaudlevy/.rbenv/versions/2.4.2/lib/ruby/gems/2.4.0/gems/promethee-1.0.6/app/views/promethee/components/_text.html.erb (0.1ms)
  Rendered /Users/arnaudlevy/.rbenv/versions/2.4.2/lib/ruby/gems/2.4.0/gems/promethee-1.0.6/app/views/promethee/components/_text.html.erb (0.1ms)
  Rendered /Users/arnaudlevy/.rbenv/versions/2.4.2/lib/ruby/gems/2.4.0/gems/promethee-1.0.6/app/views/promethee/components/_children.html.erb (53.4ms)
  Rendered /Users/arnaudlevy/.rbenv/versions/2.4.2/lib/ruby/gems/2.4.0/gems/promethee-1.0.6/app/views/promethee/components/_column.html.erb (79.9ms)
  Rendered /Users/arnaudlevy/.rbenv/versions/2.4.2/lib/ruby/gems/2.4.0/gems/promethee-1.0.6/app/views/promethee/components/_image.html.erb (0.2ms)
  Rendered /Users/arnaudlevy/.rbenv/versions/2.4.2/lib/ruby/gems/2.4.0/gems/promethee-1.0.6/app/views/promethee/components/_children.html.erb (30.6ms)
  Rendered /Users/arnaudlevy/.rbenv/versions/2.4.2/lib/ruby/gems/2.4.0/gems/promethee-1.0.6/app/views/promethee/components/_column.html.erb (61.5ms)
  Rendered /Users/arnaudlevy/.rbenv/versions/2.4.2/lib/ruby/gems/2.4.0/gems/promethee-1.0.6/app/views/promethee/components/_children.html.erb (199.4ms)
  Rendered /Users/arnaudlevy/.rbenv/versions/2.4.2/lib/ruby/gems/2.4.0/gems/promethee-1.0.6/app/views/promethee/components/_row.html.erb (234.8ms)
  Rendered /Users/arnaudlevy/.rbenv/versions/2.4.2/lib/ruby/gems/2.4.0/gems/promethee-1.0.6/app/views/promethee/components/_video.html.erb (0.9ms)
  Rendered /Users/arnaudlevy/.rbenv/versions/2.4.2/lib/ruby/gems/2.4.0/gems/promethee-1.0.6/app/views/promethee/components/_image.html.erb (0.1ms)
  Rendered /Users/arnaudlevy/.rbenv/versions/2.4.2/lib/ruby/gems/2.4.0/gems/promethee-1.0.6/app/views/promethee/components/_children.html.erb (28.7ms)
  Rendered /Users/arnaudlevy/.rbenv/versions/2.4.2/lib/ruby/gems/2.4.0/gems/promethee-1.0.6/app/views/promethee/components/_column.html.erb (56.9ms)
  Rendered /Users/arnaudlevy/.rbenv/versions/2.4.2/lib/ruby/gems/2.4.0/gems/promethee-1.0.6/app/views/promethee/components/_text.html.erb (0.1ms)
  Rendered /Users/arnaudlevy/.rbenv/versions/2.4.2/lib/ruby/gems/2.4.0/gems/promethee-1.0.6/app/views/promethee/components/_children.html.erb (29.0ms)
  Rendered /Users/arnaudlevy/.rbenv/versions/2.4.2/lib/ruby/gems/2.4.0/gems/promethee-1.0.6/app/views/promethee/components/_column.html.erb (60.3ms)
  Rendered /Users/arnaudlevy/.rbenv/versions/2.4.2/lib/ruby/gems/2.4.0/gems/promethee-1.0.6/app/views/promethee/components/_children.html.erb (178.6ms)
  Rendered /Users/arnaudlevy/.rbenv/versions/2.4.2/lib/ruby/gems/2.4.0/gems/promethee-1.0.6/app/views/promethee/components/_row.html.erb (213.0ms)
  Rendered /Users/arnaudlevy/.rbenv/versions/2.4.2/lib/ruby/gems/2.4.0/gems/promethee-1.0.6/app/views/promethee/components/_video.html.erb (0.1ms)
  Rendered /Users/arnaudlevy/.rbenv/versions/2.4.2/lib/ruby/gems/2.4.0/gems/promethee-1.0.6/app/views/promethee/components/_children.html.erb (650.9ms)
  Rendered /Users/arnaudlevy/.rbenv/versions/2.4.2/lib/ruby/gems/2.4.0/gems/promethee-1.0.6/app/views/promethee/components/_page.html.erb (686.0ms)
  Rendered /Users/arnaudlevy/.rbenv/versions/2.4.2/lib/ruby/gems/2.4.0/gems/promethee-1.0.6/app/views/promethee/_show.html.erb (719.1ms)
  Rendered /Users/arnaudlevy/.rbenv/versions/2.4.2/lib/ruby/gems/2.4.0/gems/promethee-1.0.6/app/views/promethee/components/_page_edit.html.erb (0.1ms)
  Rendered /Users/arnaudlevy/.rbenv/versions/2.4.2/lib/ruby/gems/2.4.0/gems/promethee-1.0.6/app/views/promethee/components/_children_edit.html.erb (0.1ms)
  Rendered /Users/arnaudlevy/.rbenv/versions/2.4.2/lib/ruby/gems/2.4.0/gems/promethee-1.0.6/app/views/promethee/partials/_toolbar_buttons.html.erb (0.2ms)
  Rendered /Users/arnaudlevy/.rbenv/versions/2.4.2/lib/ruby/gems/2.4.0/gems/promethee-1.0.6/app/views/promethee/components/_row_edit.html.erb (31.3ms)
  Rendered /Users/arnaudlevy/.rbenv/versions/2.4.2/lib/ruby/gems/2.4.0/gems/promethee-1.0.6/app/views/promethee/partials/_toolbar_buttons.html.erb (0.1ms)
  Rendered /Users/arnaudlevy/.rbenv/versions/2.4.2/lib/ruby/gems/2.4.0/gems/promethee-1.0.6/app/views/promethee/components/_column_edit.html.erb (38.7ms)
  Rendered /Users/arnaudlevy/.rbenv/versions/2.4.2/lib/ruby/gems/2.4.0/gems/promethee-1.0.6/app/views/promethee/partials/_toolbar_buttons.html.erb (0.2ms)
  Rendered /Users/arnaudlevy/.rbenv/versions/2.4.2/lib/ruby/gems/2.4.0/gems/promethee-1.0.6/app/views/promethee/components/_text_edit.html.erb (38.7ms)
  Rendered /Users/arnaudlevy/.rbenv/versions/2.4.2/lib/ruby/gems/2.4.0/gems/promethee-1.0.6/app/views/promethee/partials/_toolbar_buttons.html.erb (0.2ms)
  Rendered /Users/arnaudlevy/.rbenv/versions/2.4.2/lib/ruby/gems/2.4.0/gems/promethee-1.0.6/app/views/promethee/components/_image_edit.html.erb (34.3ms)
  Rendered /Users/arnaudlevy/.rbenv/versions/2.4.2/lib/ruby/gems/2.4.0/gems/promethee-1.0.6/app/views/promethee/partials/_toolbar_buttons.html.erb (0.2ms)
  Rendered /Users/arnaudlevy/.rbenv/versions/2.4.2/lib/ruby/gems/2.4.0/gems/promethee-1.0.6/app/views/promethee/components/_video_edit.html.erb (44.3ms)
  Rendered /Users/arnaudlevy/.rbenv/versions/2.4.2/lib/ruby/gems/2.4.0/gems/promethee-1.0.6/app/views/promethee/partials/_include_components.html.erb (412.4ms)
  Rendered /Users/arnaudlevy/.rbenv/versions/2.4.2/lib/ruby/gems/2.4.0/gems/promethee-1.0.6/app/views/promethee/_localize.html.erb (451.0ms)
  Rendered /Users/arnaudlevy/.rbenv/versions/2.4.2/lib/ruby/gems/2.4.0/gems/promethee-1.0.6/app/views/promethee/components/_image.html.erb (0.1ms)
  Rendered /Users/arnaudlevy/.rbenv/versions/2.4.2/lib/ruby/gems/2.4.0/gems/promethee-1.0.6/app/views/promethee/components/_text.html.erb (0.1ms)
  Rendered /Users/arnaudlevy/.rbenv/versions/2.4.2/lib/ruby/gems/2.4.0/gems/promethee-1.0.6/app/views/promethee/components/_text.html.erb (0.1ms)
  Rendered /Users/arnaudlevy/.rbenv/versions/2.4.2/lib/ruby/gems/2.4.0/gems/promethee-1.0.6/app/views/promethee/components/_text.html.erb (0.1ms)
  Rendered /Users/arnaudlevy/.rbenv/versions/2.4.2/lib/ruby/gems/2.4.0/gems/promethee-1.0.6/app/views/promethee/components/_children.html.erb (63.7ms)
  Rendered /Users/arnaudlevy/.rbenv/versions/2.4.2/lib/ruby/gems/2.4.0/gems/promethee-1.0.6/app/views/promethee/components/_column.html.erb (91.6ms)
  Rendered /Users/arnaudlevy/.rbenv/versions/2.4.2/lib/ruby/gems/2.4.0/gems/promethee-1.0.6/app/views/promethee/components/_image.html.erb (0.1ms)
  Rendered /Users/arnaudlevy/.rbenv/versions/2.4.2/lib/ruby/gems/2.4.0/gems/promethee-1.0.6/app/views/promethee/components/_children.html.erb (30.9ms)
  Rendered /Users/arnaudlevy/.rbenv/versions/2.4.2/lib/ruby/gems/2.4.0/gems/promethee-1.0.6/app/views/promethee/components/_column.html.erb (60.3ms)
  Rendered /Users/arnaudlevy/.rbenv/versions/2.4.2/lib/ruby/gems/2.4.0/gems/promethee-1.0.6/app/views/promethee/components/_children.html.erb (216.1ms)
  Rendered /Users/arnaudlevy/.rbenv/versions/2.4.2/lib/ruby/gems/2.4.0/gems/promethee-1.0.6/app/views/promethee/components/_row.html.erb (242.5ms)
  Rendered /Users/arnaudlevy/.rbenv/versions/2.4.2/lib/ruby/gems/2.4.0/gems/promethee-1.0.6/app/views/promethee/components/_video.html.erb (0.1ms)
  Rendered /Users/arnaudlevy/.rbenv/versions/2.4.2/lib/ruby/gems/2.4.0/gems/promethee-1.0.6/app/views/promethee/components/_image.html.erb (0.1ms)
  Rendered /Users/arnaudlevy/.rbenv/versions/2.4.2/lib/ruby/gems/2.4.0/gems/promethee-1.0.6/app/views/promethee/components/_children.html.erb (31.1ms)
  Rendered /Users/arnaudlevy/.rbenv/versions/2.4.2/lib/ruby/gems/2.4.0/gems/promethee-1.0.6/app/views/promethee/components/_column.html.erb (61.9ms)
  Rendered /Users/arnaudlevy/.rbenv/versions/2.4.2/lib/ruby/gems/2.4.0/gems/promethee-1.0.6/app/views/promethee/components/_text.html.erb (0.1ms)
  Rendered /Users/arnaudlevy/.rbenv/versions/2.4.2/lib/ruby/gems/2.4.0/gems/promethee-1.0.6/app/views/promethee/components/_children.html.erb (31.8ms)
  Rendered /Users/arnaudlevy/.rbenv/versions/2.4.2/lib/ruby/gems/2.4.0/gems/promethee-1.0.6/app/views/promethee/components/_column.html.erb (67.8ms)
  Rendered /Users/arnaudlevy/.rbenv/versions/2.4.2/lib/ruby/gems/2.4.0/gems/promethee-1.0.6/app/views/promethee/components/_children.html.erb (194.9ms)
  Rendered /Users/arnaudlevy/.rbenv/versions/2.4.2/lib/ruby/gems/2.4.0/gems/promethee-1.0.6/app/views/promethee/components/_row.html.erb (225.7ms)
  Rendered /Users/arnaudlevy/.rbenv/versions/2.4.2/lib/ruby/gems/2.4.0/gems/promethee-1.0.6/app/views/promethee/components/_video.html.erb (0.1ms)
  Rendered /Users/arnaudlevy/.rbenv/versions/2.4.2/lib/ruby/gems/2.4.0/gems/promethee-1.0.6/app/views/promethee/components/_children.html.erb (657.3ms)
  Rendered /Users/arnaudlevy/.rbenv/versions/2.4.2/lib/ruby/gems/2.4.0/gems/promethee-1.0.6/app/views/promethee/components/_page.html.erb (689.8ms)
  Rendered /Users/arnaudlevy/.rbenv/versions/2.4.2/lib/ruby/gems/2.4.0/gems/promethee-1.0.6/app/views/promethee/_show.html.erb (750.0ms)
  Rendered application/index.html.erb within layouts/application (2651.3ms)
Completed 200 OK in 2951ms (Views: 2948.9ms)


